2020-03-11 12:46:26.089 [main] INFO  com.coolwe.start.StartApplication - Starting StartApplication on DESKTOP-08VGM8P with PID 3176 (D:\struggle\start\target\classes started by 19399 in D:\struggle\start)
2020-03-11 12:46:26.089 [main] DEBUG com.coolwe.start.StartApplication - Running with Spring Boot v2.1.3.RELEASE, Spring v5.1.5.RELEASE
2020-03-11 12:46:26.101 [main] INFO  com.coolwe.start.StartApplication - No active profile set, falling back to default profiles: default
2020-03-11 12:46:27.171 [main] DEBUG org.mybatis.spring.boot.autoconfigure.MybatisAutoConfiguration - Searching for mappers annotated with @Mapper
2020-03-11 12:46:27.190 [main] DEBUG org.mybatis.spring.boot.autoconfigure.MybatisAutoConfiguration - Using auto-configuration base package 'com.coolwe.start'
2020-03-11 12:46:27.216 [main] DEBUG org.apache.ibatis.logging.LogFactory - Logging initialized using 'class org.apache.ibatis.logging.slf4j.Slf4jImpl' adapter.
2020-03-11 12:46:27.284 [main] DEBUG org.mybatis.spring.mapper.ClassPathMapperScanner - Identified candidate component class: file [D:\struggle\start\target\classes\com\coolwe\start\dao\MainDao.class]
2020-03-11 12:46:27.330 [main] DEBUG org.mybatis.spring.mapper.ClassPathMapperScanner - Creating MapperFactoryBean with name 'mainDao' and 'com.coolwe.start.dao.MainDao' mapperInterface
2020-03-11 12:46:27.340 [main] DEBUG org.mybatis.spring.mapper.ClassPathMapperScanner - Enabling autowire by type for MapperFactoryBean with name 'mainDao'.
2020-03-11 12:46:28.699 [main] INFO  org.apache.coyote.http11.Http11NioProtocol - Initializing ProtocolHandler ["http-nio-8080"]
2020-03-11 12:46:28.714 [main] INFO  org.apache.catalina.core.StandardService - Starting service [Tomcat]
2020-03-11 12:46:28.716 [main] INFO  org.apache.catalina.core.StandardEngine - Starting Servlet engine: [Apache Tomcat/9.0.16]
2020-03-11 12:46:28.742 [main] INFO  org.apache.catalina.core.AprLifecycleListener - The APR based Apache Tomcat Native library which allows optimal performance in production environments was not found on the java.library.path: [F:\soft\Java\jdk1.8.0_202\bin;C:\WINDOWS\Sun\Java\bin;C:\WINDOWS\system32;C:\WINDOWS;C:\WINDOWS\system32;C:\WINDOWS;C:\WINDOWS\System32\Wbem;C:\WINDOWS\System32\WindowsPowerShell\v1.0\;C:\WINDOWS\System32\OpenSSH\;F:\soft\Java\jdk1.8.0_202\bin;D:\soft\sqlite3;D:\soft\nodejs;D:\soft\Git\cmd;D:\soft\nodejs\node_global;D:\soft\nodejs\node_cache;C:\Program Files\MySQL\MySQL Shell 8.0\bin\;C:\Users\19399\AppData\Local\Microsoft\WindowsApps;D:\soft\bandizip\;D:\soft\Microsoft VS Code\bin;.]
2020-03-11 12:46:28.847 [main] INFO  org.apache.catalina.core.ContainerBase.[Tomcat].[localhost].[/] - Initializing Spring embedded WebApplicationContext
2020-03-11 12:46:29.025 [main] DEBUG com.zaxxer.hikari.HikariConfig - Driver class com.mysql.cj.jdbc.Driver found in Thread context class loader sun.misc.Launcher$AppClassLoader@18b4aac2
2020-03-11 12:46:29.151 [main] DEBUG org.apache.ibatis.io.VFS - Using VFS adapter org.mybatis.spring.boot.autoconfigure.SpringBootVFS
2020-03-11 12:46:29.152 [main] DEBUG org.mybatis.spring.SqlSessionFactoryBean - Scanned package: 'com.coolwe.domain' for aliases
2020-03-11 12:46:29.155 [main] DEBUG org.mybatis.spring.SqlSessionFactoryBean - Property 'mapperLocations' was not specified or no matching resources found
2020-03-11 12:46:29.689 [main] DEBUG org.mybatis.spring.boot.autoconfigure.MybatisAutoConfiguration - No org.mybatis.spring.mapper.MapperFactoryBean found.
2020-03-11 12:46:29.901 [main] INFO  org.apache.coyote.http11.Http11NioProtocol - Starting ProtocolHandler ["http-nio-8080"]
2020-03-11 12:46:29.949 [main] INFO  com.coolwe.start.StartApplication - Started StartApplication in 4.194 seconds (JVM running for 4.955)
2020-03-11 12:59:10.399 [http-nio-8080-exec-2] INFO  org.apache.catalina.core.ContainerBase.[Tomcat].[localhost].[/] - Initializing Spring DispatcherServlet 'dispatcherServlet'
2020-03-11 12:59:10.505 [http-nio-8080-exec-2] INFO  com.coolwe.start.controller.MainController - /showDatabases
2020-03-11 12:59:10.738 [http-nio-8080-exec-2] ERROR org.apache.catalina.core.ContainerBase.[Tomcat].[localhost].[/].[dispatcherServlet] - Servlet.service() for servlet [dispatcherServlet] in context with path [] threw exception [Request processing failed; nested exception is java.lang.reflect.UndeclaredThrowableException] with root cause
java.lang.Exception: Exec:sql must start with Query: or Update:
	at com.coolwe.start.util.JDBCUtil.exec(JDBCUtil.java:158)
	at com.coolwe.start.aspect.QueryAspect.advice(QueryAspect.java:34)
	at sun.reflect.NativeMethodAccessorImpl.invoke0(Native Method)
	at sun.reflect.NativeMethodAccessorImpl.invoke(NativeMethodAccessorImpl.java:62)
	at sun.reflect.DelegatingMethodAccessorImpl.invoke(DelegatingMethodAccessorImpl.java:43)
	at java.lang.reflect.Method.invoke(Method.java:498)
	at org.springframework.aop.aspectj.AbstractAspectJAdvice.invokeAdviceMethodWithGivenArgs(AbstractAspectJAdvice.java:644)
	at org.springframework.aop.aspectj.AbstractAspectJAdvice.invokeAdviceMethod(AbstractAspectJAdvice.java:633)
	at org.springframework.aop.aspectj.AspectJAroundAdvice.invoke(AspectJAroundAdvice.java:70)
	at org.springframework.aop.framework.ReflectiveMethodInvocation.proceed(ReflectiveMethodInvocation.java:175)
	at org.springframework.aop.interceptor.ExposeInvocationInterceptor.invoke(ExposeInvocationInterceptor.java:93)
	at org.springframework.aop.framework.ReflectiveMethodInvocation.proceed(ReflectiveMethodInvocation.java:186)
	at org.springframework.aop.framework.JdkDynamicAopProxy.invoke(JdkDynamicAopProxy.java:212)
	at com.sun.proxy.$Proxy72.showDatabases(Unknown Source)
	at com.coolwe.start.controller.MainController.showDatabases(MainController.java:60)
	at sun.reflect.NativeMethodAccessorImpl.invoke0(Native Method)
	at sun.reflect.NativeMethodAccessorImpl.invoke(NativeMethodAccessorImpl.java:62)
	at sun.reflect.DelegatingMethodAccessorImpl.invoke(DelegatingMethodAccessorImpl.java:43)
	at java.lang.reflect.Method.invoke(Method.java:498)
	at org.springframework.web.method.support.InvocableHandlerMethod.doInvoke(InvocableHandlerMethod.java:189)
	at org.springframework.web.method.support.InvocableHandlerMethod.invokeForRequest(InvocableHandlerMethod.java:138)
	at org.springframework.web.servlet.mvc.method.annotation.ServletInvocableHandlerMethod.invokeAndHandle(ServletInvocableHandlerMethod.java:102)
	at org.springframework.web.servlet.mvc.method.annotation.RequestMappingHandlerAdapter.invokeHandlerMethod(RequestMappingHandlerAdapter.java:895)
	at org.springframework.web.servlet.mvc.method.annotation.RequestMappingHandlerAdapter.handleInternal(RequestMappingHandlerAdapter.java:800)
	at org.springframework.web.servlet.mvc.method.AbstractHandlerMethodAdapter.handle(AbstractHandlerMethodAdapter.java:87)
	at org.springframework.web.servlet.DispatcherServlet.doDispatch(DispatcherServlet.java:1038)
	at org.springframework.web.servlet.DispatcherServlet.doService(DispatcherServlet.java:942)
	at org.springframework.web.servlet.FrameworkServlet.processRequest(FrameworkServlet.java:1005)
	at org.springframework.web.servlet.FrameworkServlet.doPost(FrameworkServlet.java:908)
	at javax.servlet.http.HttpServlet.service(HttpServlet.java:660)
	at org.springframework.web.servlet.FrameworkServlet.service(FrameworkServlet.java:882)
	at javax.servlet.http.HttpServlet.service(HttpServlet.java:741)
	at org.apache.catalina.core.ApplicationFilterChain.internalDoFilter(ApplicationFilterChain.java:231)
	at org.apache.catalina.core.ApplicationFilterChain.doFilter(ApplicationFilterChain.java:166)
	at org.apache.tomcat.websocket.server.WsFilter.doFilter(WsFilter.java:53)
	at org.apache.catalina.core.ApplicationFilterChain.internalDoFilter(ApplicationFilterChain.java:193)
	at org.apache.catalina.core.ApplicationFilterChain.doFilter(ApplicationFilterChain.java:166)
	at com.coolwe.start.filter.MainFilter.doFilter(MainFilter.java:34)
	at org.apache.catalina.core.ApplicationFilterChain.internalDoFilter(ApplicationFilterChain.java:193)
	at org.apache.catalina.core.ApplicationFilterChain.doFilter(ApplicationFilterChain.java:166)
	at org.springframework.web.filter.RequestContextFilter.doFilterInternal(RequestContextFilter.java:99)
	at org.springframework.web.filter.OncePerRequestFilter.doFilter(OncePerRequestFilter.java:107)
	at org.apache.catalina.core.ApplicationFilterChain.internalDoFilter(ApplicationFilterChain.java:193)
	at org.apache.catalina.core.ApplicationFilterChain.doFilter(ApplicationFilterChain.java:166)
	at org.springframework.web.filter.FormContentFilter.doFilterInternal(FormContentFilter.java:92)
	at org.springframework.web.filter.OncePerRequestFilter.doFilter(OncePerRequestFilter.java:107)
	at org.apache.catalina.core.ApplicationFilterChain.internalDoFilter(ApplicationFilterChain.java:193)
	at org.apache.catalina.core.ApplicationFilterChain.doFilter(ApplicationFilterChain.java:166)
	at org.springframework.web.filter.HiddenHttpMethodFilter.doFilterInternal(HiddenHttpMethodFilter.java:93)
	at org.springframework.web.filter.OncePerRequestFilter.doFilter(OncePerRequestFilter.java:107)
	at org.apache.catalina.core.ApplicationFilterChain.internalDoFilter(ApplicationFilterChain.java:193)
	at org.apache.catalina.core.ApplicationFilterChain.doFilter(ApplicationFilterChain.java:166)
	at org.springframework.web.filter.CharacterEncodingFilter.doFilterInternal(CharacterEncodingFilter.java:200)
	at org.springframework.web.filter.OncePerRequestFilter.doFilter(OncePerRequestFilter.java:107)
	at org.apache.catalina.core.ApplicationFilterChain.internalDoFilter(ApplicationFilterChain.java:193)
	at org.apache.catalina.core.ApplicationFilterChain.doFilter(ApplicationFilterChain.java:166)
	at org.apache.catalina.core.StandardWrapperValve.invoke(StandardWrapperValve.java:200)
	at org.apache.catalina.core.StandardContextValve.invoke(StandardContextValve.java:96)
	at org.apache.catalina.authenticator.AuthenticatorBase.invoke(AuthenticatorBase.java:490)
	at org.apache.catalina.core.StandardHostValve.invoke(StandardHostValve.java:139)
	at org.apache.catalina.valves.ErrorReportValve.invoke(ErrorReportValve.java:92)
	at org.apache.catalina.core.StandardEngineValve.invoke(StandardEngineValve.java:74)
	at org.apache.catalina.connector.CoyoteAdapter.service(CoyoteAdapter.java:343)
	at org.apache.coyote.http11.Http11Processor.service(Http11Processor.java:408)
	at org.apache.coyote.AbstractProcessorLight.process(AbstractProcessorLight.java:66)
	at org.apache.coyote.AbstractProtocol$ConnectionHandler.process(AbstractProtocol.java:834)
	at org.apache.tomcat.util.net.NioEndpoint$SocketProcessor.doRun(NioEndpoint.java:1415)
	at org.apache.tomcat.util.net.SocketProcessorBase.run(SocketProcessorBase.java:49)
	at java.util.concurrent.ThreadPoolExecutor.runWorker(ThreadPoolExecutor.java:1149)
	at java.util.concurrent.ThreadPoolExecutor$Worker.run(ThreadPoolExecutor.java:624)
	at org.apache.tomcat.util.threads.TaskThread$WrappingRunnable.run(TaskThread.java:61)
	at java.lang.Thread.run(Thread.java:748)
2020-03-11 13:00:05.442 [main] INFO  com.coolwe.start.StartApplication - Starting StartApplication on DESKTOP-08VGM8P with PID 5812 (D:\struggle\start\target\classes started by 19399 in D:\struggle\start)
2020-03-11 13:00:05.459 [main] DEBUG com.coolwe.start.StartApplication - Running with Spring Boot v2.1.3.RELEASE, Spring v5.1.5.RELEASE
2020-03-11 13:00:05.459 [main] INFO  com.coolwe.start.StartApplication - No active profile set, falling back to default profiles: default
2020-03-11 13:00:06.156 [main] DEBUG org.mybatis.spring.boot.autoconfigure.MybatisAutoConfiguration - Searching for mappers annotated with @Mapper
2020-03-11 13:00:06.157 [main] DEBUG org.mybatis.spring.boot.autoconfigure.MybatisAutoConfiguration - Using auto-configuration base package 'com.coolwe.start'
2020-03-11 13:00:06.164 [main] DEBUG org.apache.ibatis.logging.LogFactory - Logging initialized using 'class org.apache.ibatis.logging.slf4j.Slf4jImpl' adapter.
2020-03-11 13:00:06.175 [main] DEBUG org.mybatis.spring.mapper.ClassPathMapperScanner - Identified candidate component class: file [D:\struggle\start\target\classes\com\coolwe\start\dao\MainDao.class]
2020-03-11 13:00:06.185 [main] DEBUG org.mybatis.spring.mapper.ClassPathMapperScanner - Creating MapperFactoryBean with name 'mainDao' and 'com.coolwe.start.dao.MainDao' mapperInterface
2020-03-11 13:00:06.187 [main] DEBUG org.mybatis.spring.mapper.ClassPathMapperScanner - Enabling autowire by type for MapperFactoryBean with name 'mainDao'.
2020-03-11 13:00:07.316 [main] INFO  org.apache.coyote.http11.Http11NioProtocol - Initializing ProtocolHandler ["http-nio-8080"]
2020-03-11 13:00:07.333 [main] INFO  org.apache.catalina.core.StandardService - Starting service [Tomcat]
2020-03-11 13:00:07.334 [main] INFO  org.apache.catalina.core.StandardEngine - Starting Servlet engine: [Apache Tomcat/9.0.16]
2020-03-11 13:00:07.347 [main] INFO  org.apache.catalina.core.AprLifecycleListener - The APR based Apache Tomcat Native library which allows optimal performance in production environments was not found on the java.library.path: [F:\soft\Java\jdk1.8.0_202\bin;C:\WINDOWS\Sun\Java\bin;C:\WINDOWS\system32;C:\WINDOWS;C:\WINDOWS\system32;C:\WINDOWS;C:\WINDOWS\System32\Wbem;C:\WINDOWS\System32\WindowsPowerShell\v1.0\;C:\WINDOWS\System32\OpenSSH\;F:\soft\Java\jdk1.8.0_202\bin;D:\soft\sqlite3;D:\soft\nodejs;D:\soft\Git\cmd;D:\soft\nodejs\node_global;D:\soft\nodejs\node_cache;C:\Program Files\MySQL\MySQL Shell 8.0\bin\;C:\Users\19399\AppData\Local\Microsoft\WindowsApps;D:\soft\bandizip\;D:\soft\Microsoft VS Code\bin;.]
2020-03-11 13:00:07.407 [main] INFO  org.apache.catalina.core.ContainerBase.[Tomcat].[localhost].[/] - Initializing Spring embedded WebApplicationContext
2020-03-11 13:00:07.600 [main] DEBUG com.zaxxer.hikari.HikariConfig - Driver class com.mysql.cj.jdbc.Driver found in Thread context class loader sun.misc.Launcher$AppClassLoader@18b4aac2
2020-03-11 13:00:07.674 [main] DEBUG org.apache.ibatis.io.VFS - Using VFS adapter org.mybatis.spring.boot.autoconfigure.SpringBootVFS
2020-03-11 13:00:07.682 [main] DEBUG org.mybatis.spring.SqlSessionFactoryBean - Scanned package: 'com.coolwe.domain' for aliases
2020-03-11 13:00:07.684 [main] DEBUG org.mybatis.spring.SqlSessionFactoryBean - Property 'mapperLocations' was not specified or no matching resources found
2020-03-11 13:00:08.056 [main] DEBUG org.mybatis.spring.boot.autoconfigure.MybatisAutoConfiguration - No org.mybatis.spring.mapper.MapperFactoryBean found.
2020-03-11 13:00:08.247 [main] INFO  org.apache.coyote.http11.Http11NioProtocol - Starting ProtocolHandler ["http-nio-8080"]
2020-03-11 13:00:08.295 [main] INFO  com.coolwe.start.StartApplication - Started StartApplication in 3.202 seconds (JVM running for 3.759)
2020-03-11 13:01:12.349 [http-nio-8080-exec-1] INFO  org.apache.catalina.core.ContainerBase.[Tomcat].[localhost].[/] - Initializing Spring DispatcherServlet 'dispatcherServlet'
2020-03-11 13:01:12.414 [http-nio-8080-exec-1] INFO  com.coolwe.start.controller.MainController - /showDatabases
2020-03-11 13:02:54.776 [main] INFO  com.coolwe.start.StartApplication - Starting StartApplication on DESKTOP-08VGM8P with PID 11392 (D:\struggle\start\target\classes started by 19399 in D:\struggle\start)
2020-03-11 13:02:54.780 [main] DEBUG com.coolwe.start.StartApplication - Running with Spring Boot v2.1.3.RELEASE, Spring v5.1.5.RELEASE
2020-03-11 13:02:54.780 [main] INFO  com.coolwe.start.StartApplication - No active profile set, falling back to default profiles: default
2020-03-11 13:02:55.537 [main] DEBUG org.mybatis.spring.boot.autoconfigure.MybatisAutoConfiguration - Searching for mappers annotated with @Mapper
2020-03-11 13:02:55.552 [main] DEBUG org.mybatis.spring.boot.autoconfigure.MybatisAutoConfiguration - Using auto-configuration base package 'com.coolwe.start'
2020-03-11 13:02:55.569 [main] DEBUG org.apache.ibatis.logging.LogFactory - Logging initialized using 'class org.apache.ibatis.logging.slf4j.Slf4jImpl' adapter.
2020-03-11 13:02:55.575 [main] DEBUG org.mybatis.spring.mapper.ClassPathMapperScanner - Identified candidate component class: file [D:\struggle\start\target\classes\com\coolwe\start\dao\MainDao.class]
2020-03-11 13:02:55.581 [main] DEBUG org.mybatis.spring.mapper.ClassPathMapperScanner - Creating MapperFactoryBean with name 'mainDao' and 'com.coolwe.start.dao.MainDao' mapperInterface
2020-03-11 13:02:55.591 [main] DEBUG org.mybatis.spring.mapper.ClassPathMapperScanner - Enabling autowire by type for MapperFactoryBean with name 'mainDao'.
2020-03-11 13:02:56.710 [main] INFO  org.apache.coyote.http11.Http11NioProtocol - Initializing ProtocolHandler ["http-nio-8080"]
2020-03-11 13:02:56.728 [main] INFO  org.apache.catalina.core.StandardService - Starting service [Tomcat]
2020-03-11 13:02:56.733 [main] INFO  org.apache.catalina.core.StandardEngine - Starting Servlet engine: [Apache Tomcat/9.0.16]
2020-03-11 13:02:56.750 [main] INFO  org.apache.catalina.core.AprLifecycleListener - The APR based Apache Tomcat Native library which allows optimal performance in production environments was not found on the java.library.path: [F:\soft\Java\jdk1.8.0_202\bin;C:\WINDOWS\Sun\Java\bin;C:\WINDOWS\system32;C:\WINDOWS;C:\WINDOWS\system32;C:\WINDOWS;C:\WINDOWS\System32\Wbem;C:\WINDOWS\System32\WindowsPowerShell\v1.0\;C:\WINDOWS\System32\OpenSSH\;F:\soft\Java\jdk1.8.0_202\bin;D:\soft\sqlite3;D:\soft\nodejs;D:\soft\Git\cmd;D:\soft\nodejs\node_global;D:\soft\nodejs\node_cache;C:\Program Files\MySQL\MySQL Shell 8.0\bin\;C:\Users\19399\AppData\Local\Microsoft\WindowsApps;D:\soft\bandizip\;D:\soft\Microsoft VS Code\bin;.]
2020-03-11 13:02:56.825 [main] INFO  org.apache.catalina.core.ContainerBase.[Tomcat].[localhost].[/] - Initializing Spring embedded WebApplicationContext
2020-03-11 13:02:57.008 [main] DEBUG com.zaxxer.hikari.HikariConfig - Driver class com.mysql.cj.jdbc.Driver found in Thread context class loader sun.misc.Launcher$AppClassLoader@18b4aac2
2020-03-11 13:02:57.128 [main] DEBUG org.apache.ibatis.io.VFS - Using VFS adapter org.mybatis.spring.boot.autoconfigure.SpringBootVFS
2020-03-11 13:02:57.136 [main] DEBUG org.mybatis.spring.SqlSessionFactoryBean - Scanned package: 'com.coolwe.domain' for aliases
2020-03-11 13:02:57.154 [main] DEBUG org.mybatis.spring.SqlSessionFactoryBean - Property 'mapperLocations' was not specified or no matching resources found
2020-03-11 13:02:57.620 [main] DEBUG org.mybatis.spring.boot.autoconfigure.MybatisAutoConfiguration - No org.mybatis.spring.mapper.MapperFactoryBean found.
2020-03-11 13:02:57.775 [main] INFO  org.apache.coyote.http11.Http11NioProtocol - Starting ProtocolHandler ["http-nio-8080"]
2020-03-11 13:02:57.822 [main] INFO  com.coolwe.start.StartApplication - Started StartApplication in 3.382 seconds (JVM running for 3.952)
2020-03-11 13:03:08.965 [http-nio-8080-exec-2] INFO  org.apache.catalina.core.ContainerBase.[Tomcat].[localhost].[/] - Initializing Spring DispatcherServlet 'dispatcherServlet'
2020-03-11 13:03:09.030 [http-nio-8080-exec-2] INFO  com.coolwe.start.controller.MainController - /showDatabases
2020-03-11 13:03:13.939 [http-nio-8080-exec-3] INFO  com.coolwe.start.controller.MainController - /showDatabases
2020-03-11 13:03:52.562 [main] INFO  com.coolwe.start.StartApplication - Starting StartApplication on DESKTOP-08VGM8P with PID 2768 (D:\struggle\start\target\classes started by 19399 in D:\struggle\start)
2020-03-11 13:03:52.565 [main] DEBUG com.coolwe.start.StartApplication - Running with Spring Boot v2.1.3.RELEASE, Spring v5.1.5.RELEASE
2020-03-11 13:03:52.565 [main] INFO  com.coolwe.start.StartApplication - No active profile set, falling back to default profiles: default
2020-03-11 13:03:53.277 [main] DEBUG org.mybatis.spring.boot.autoconfigure.MybatisAutoConfiguration - Searching for mappers annotated with @Mapper
2020-03-11 13:03:53.278 [main] DEBUG org.mybatis.spring.boot.autoconfigure.MybatisAutoConfiguration - Using auto-configuration base package 'com.coolwe.start'
2020-03-11 13:03:53.284 [main] DEBUG org.apache.ibatis.logging.LogFactory - Logging initialized using 'class org.apache.ibatis.logging.slf4j.Slf4jImpl' adapter.
2020-03-11 13:03:53.290 [main] DEBUG org.mybatis.spring.mapper.ClassPathMapperScanner - Identified candidate component class: file [D:\struggle\start\target\classes\com\coolwe\start\dao\MainDao.class]
2020-03-11 13:03:53.291 [main] DEBUG org.mybatis.spring.mapper.ClassPathMapperScanner - Creating MapperFactoryBean with name 'mainDao' and 'com.coolwe.start.dao.MainDao' mapperInterface
2020-03-11 13:03:53.292 [main] DEBUG org.mybatis.spring.mapper.ClassPathMapperScanner - Enabling autowire by type for MapperFactoryBean with name 'mainDao'.
2020-03-11 13:03:54.509 [main] INFO  org.apache.coyote.http11.Http11NioProtocol - Initializing ProtocolHandler ["http-nio-8080"]
2020-03-11 13:03:54.531 [main] INFO  org.apache.catalina.core.StandardService - Starting service [Tomcat]
2020-03-11 13:03:54.537 [main] INFO  org.apache.catalina.core.StandardEngine - Starting Servlet engine: [Apache Tomcat/9.0.16]
2020-03-11 13:03:54.556 [main] INFO  org.apache.catalina.core.AprLifecycleListener - The APR based Apache Tomcat Native library which allows optimal performance in production environments was not found on the java.library.path: [F:\soft\Java\jdk1.8.0_202\bin;C:\WINDOWS\Sun\Java\bin;C:\WINDOWS\system32;C:\WINDOWS;C:\WINDOWS\system32;C:\WINDOWS;C:\WINDOWS\System32\Wbem;C:\WINDOWS\System32\WindowsPowerShell\v1.0\;C:\WINDOWS\System32\OpenSSH\;F:\soft\Java\jdk1.8.0_202\bin;D:\soft\sqlite3;D:\soft\nodejs;D:\soft\Git\cmd;D:\soft\nodejs\node_global;D:\soft\nodejs\node_cache;C:\Program Files\MySQL\MySQL Shell 8.0\bin\;C:\Users\19399\AppData\Local\Microsoft\WindowsApps;D:\soft\bandizip\;D:\soft\Microsoft VS Code\bin;.]
2020-03-11 13:03:54.625 [main] INFO  org.apache.catalina.core.ContainerBase.[Tomcat].[localhost].[/] - Initializing Spring embedded WebApplicationContext
2020-03-11 13:03:54.760 [main] DEBUG com.zaxxer.hikari.HikariConfig - Driver class com.mysql.cj.jdbc.Driver found in Thread context class loader sun.misc.Launcher$AppClassLoader@18b4aac2
2020-03-11 13:03:54.852 [main] DEBUG org.apache.ibatis.io.VFS - Using VFS adapter org.mybatis.spring.boot.autoconfigure.SpringBootVFS
2020-03-11 13:03:54.853 [main] DEBUG org.mybatis.spring.SqlSessionFactoryBean - Scanned package: 'com.coolwe.domain' for aliases
2020-03-11 13:03:54.856 [main] DEBUG org.mybatis.spring.SqlSessionFactoryBean - Property 'mapperLocations' was not specified or no matching resources found
2020-03-11 13:03:55.354 [main] DEBUG org.mybatis.spring.boot.autoconfigure.MybatisAutoConfiguration - No org.mybatis.spring.mapper.MapperFactoryBean found.
2020-03-11 13:03:55.535 [main] INFO  org.apache.coyote.http11.Http11NioProtocol - Starting ProtocolHandler ["http-nio-8080"]
2020-03-11 13:03:55.597 [main] INFO  com.coolwe.start.StartApplication - Started StartApplication in 3.379 seconds (JVM running for 4.065)
2020-03-11 13:04:06.943 [http-nio-8080-exec-3] INFO  org.apache.catalina.core.ContainerBase.[Tomcat].[localhost].[/] - Initializing Spring DispatcherServlet 'dispatcherServlet'
2020-03-11 13:04:06.994 [http-nio-8080-exec-3] INFO  com.coolwe.start.controller.MainController - /showDatabases
2020-03-11 13:04:59.709 [http-nio-8080-exec-4] INFO  com.coolwe.start.controller.MainController - /showDatabases
2020-03-11 13:05:05.412 [http-nio-8080-exec-5] ERROR org.apache.catalina.core.ContainerBase.[Tomcat].[localhost].[/].[dispatcherServlet] - Servlet.service() for servlet [dispatcherServlet] in context with path [] threw exception [Handler dispatch failed; nested exception is java.lang.OutOfMemoryError: Java heap space] with root cause
java.lang.OutOfMemoryError: Java heap space
	at java.util.Arrays.copyOfRange(Arrays.java:3664)
	at java.lang.StringBuffer.toString(StringBuffer.java:669)
	at net.sf.json.util.JSONUtils.quote(JSONUtils.java:548)
	at net.sf.json.JSONObject.toString(JSONObject.java:2481)
	at java.lang.String.valueOf(String.java:2994)
	at net.sf.json.JSONObject.put(JSONObject.java:2380)
	at com.coolwe.start.util.JDBCUtil.executeQuery(JDBCUtil.java:94)
	at com.coolwe.start.util.JDBCUtil.exec(JDBCUtil.java:155)
	at com.coolwe.start.aspect.QueryAspect.advice(QueryAspect.java:34)
	at sun.reflect.NativeMethodAccessorImpl.invoke0(Native Method)
	at sun.reflect.NativeMethodAccessorImpl.invoke(NativeMethodAccessorImpl.java:62)
	at sun.reflect.DelegatingMethodAccessorImpl.invoke(DelegatingMethodAccessorImpl.java:43)
	at java.lang.reflect.Method.invoke(Method.java:498)
	at org.springframework.aop.aspectj.AbstractAspectJAdvice.invokeAdviceMethodWithGivenArgs(AbstractAspectJAdvice.java:644)
	at org.springframework.aop.aspectj.AbstractAspectJAdvice.invokeAdviceMethod(AbstractAspectJAdvice.java:633)
	at org.springframework.aop.aspectj.AspectJAroundAdvice.invoke(AspectJAroundAdvice.java:70)
	at org.springframework.aop.framework.ReflectiveMethodInvocation.proceed(ReflectiveMethodInvocation.java:175)
	at org.springframework.aop.interceptor.ExposeInvocationInterceptor.invoke(ExposeInvocationInterceptor.java:93)
	at org.springframework.aop.framework.ReflectiveMethodInvocation.proceed(ReflectiveMethodInvocation.java:186)
	at org.springframework.aop.framework.JdkDynamicAopProxy.invoke(JdkDynamicAopProxy.java:212)
	at com.sun.proxy.$Proxy72.showtables(Unknown Source)
	at com.coolwe.start.controller.MainController.showtables(MainController.java:49)
	at sun.reflect.NativeMethodAccessorImpl.invoke0(Native Method)
	at sun.reflect.NativeMethodAccessorImpl.invoke(NativeMethodAccessorImpl.java:62)
	at sun.reflect.DelegatingMethodAccessorImpl.invoke(DelegatingMethodAccessorImpl.java:43)
	at java.lang.reflect.Method.invoke(Method.java:498)
	at org.springframework.web.method.support.InvocableHandlerMethod.doInvoke(InvocableHandlerMethod.java:189)
	at org.springframework.web.method.support.InvocableHandlerMethod.invokeForRequest(InvocableHandlerMethod.java:138)
	at org.springframework.web.servlet.mvc.method.annotation.ServletInvocableHandlerMethod.invokeAndHandle(ServletInvocableHandlerMethod.java:102)
	at org.springframework.web.servlet.mvc.method.annotation.RequestMappingHandlerAdapter.invokeHandlerMethod(RequestMappingHandlerAdapter.java:895)
	at org.springframework.web.servlet.mvc.method.annotation.RequestMappingHandlerAdapter.handleInternal(RequestMappingHandlerAdapter.java:800)
	at org.springframework.web.servlet.mvc.method.AbstractHandlerMethodAdapter.handle(AbstractHandlerMethodAdapter.java:87)
2020-03-11 22:35:45.081 [main] INFO  com.coolwe.start.StartApplication - Starting StartApplication on DESKTOP-08VGM8P with PID 572 (D:\struggle\start\target\classes started by 19399 in D:\struggle\start)
2020-03-11 22:35:45.096 [main] DEBUG com.coolwe.start.StartApplication - Running with Spring Boot v2.1.3.RELEASE, Spring v5.1.5.RELEASE
2020-03-11 22:35:45.097 [main] INFO  com.coolwe.start.StartApplication - No active profile set, falling back to default profiles: default
2020-03-11 22:35:46.307 [main] DEBUG org.mybatis.spring.boot.autoconfigure.MybatisAutoConfiguration - Searching for mappers annotated with @Mapper
2020-03-11 22:35:46.309 [main] DEBUG org.mybatis.spring.boot.autoconfigure.MybatisAutoConfiguration - Using auto-configuration base package 'com.coolwe.start'
2020-03-11 22:35:46.319 [main] DEBUG org.apache.ibatis.logging.LogFactory - Logging initialized using 'class org.apache.ibatis.logging.slf4j.Slf4jImpl' adapter.
2020-03-11 22:35:46.354 [main] DEBUG org.mybatis.spring.mapper.ClassPathMapperScanner - Identified candidate component class: file [D:\struggle\start\target\classes\com\coolwe\start\dao\MainDao.class]
2020-03-11 22:35:46.366 [main] DEBUG org.mybatis.spring.mapper.ClassPathMapperScanner - Creating MapperFactoryBean with name 'mainDao' and 'com.coolwe.start.dao.MainDao' mapperInterface
2020-03-11 22:35:46.380 [main] DEBUG org.mybatis.spring.mapper.ClassPathMapperScanner - Enabling autowire by type for MapperFactoryBean with name 'mainDao'.
2020-03-11 22:35:48.065 [main] INFO  org.apache.coyote.http11.Http11NioProtocol - Initializing ProtocolHandler ["http-nio-8080"]
2020-03-11 22:35:48.079 [main] INFO  org.apache.catalina.core.StandardService - Starting service [Tomcat]
2020-03-11 22:35:48.081 [main] INFO  org.apache.catalina.core.StandardEngine - Starting Servlet engine: [Apache Tomcat/9.0.16]
2020-03-11 22:35:48.109 [main] INFO  org.apache.catalina.core.AprLifecycleListener - The APR based Apache Tomcat Native library which allows optimal performance in production environments was not found on the java.library.path: [F:\soft\Java\jdk1.8.0_202\bin;C:\WINDOWS\Sun\Java\bin;C:\WINDOWS\system32;C:\WINDOWS;C:\WINDOWS\system32;C:\WINDOWS;C:\WINDOWS\System32\Wbem;C:\WINDOWS\System32\WindowsPowerShell\v1.0\;C:\WINDOWS\System32\OpenSSH\;F:\soft\Java\jdk1.8.0_202\bin;D:\soft\sqlite3;D:\soft\nodejs;D:\soft\Git\cmd;D:\soft\nodejs\node_global;D:\soft\nodejs\node_cache;C:\Program Files\MySQL\MySQL Shell 8.0\bin\;C:\Users\19399\AppData\Local\Microsoft\WindowsApps;D:\soft\bandizip\;D:\soft\Microsoft VS Code\bin;.]
2020-03-11 22:35:48.221 [main] INFO  org.apache.catalina.core.ContainerBase.[Tomcat].[localhost].[/] - Initializing Spring embedded WebApplicationContext
2020-03-11 22:35:48.389 [main] DEBUG com.zaxxer.hikari.HikariConfig - Driver class com.mysql.cj.jdbc.Driver found in Thread context class loader sun.misc.Launcher$AppClassLoader@18b4aac2
2020-03-11 22:35:48.493 [main] DEBUG org.apache.ibatis.io.VFS - Using VFS adapter org.mybatis.spring.boot.autoconfigure.SpringBootVFS
2020-03-11 22:35:48.505 [main] DEBUG org.mybatis.spring.SqlSessionFactoryBean - Scanned package: 'com.coolwe.domain' for aliases
2020-03-11 22:35:48.508 [main] DEBUG org.mybatis.spring.SqlSessionFactoryBean - Property 'mapperLocations' was not specified or no matching resources found
2020-03-11 22:35:49.290 [main] DEBUG org.mybatis.spring.boot.autoconfigure.MybatisAutoConfiguration - No org.mybatis.spring.mapper.MapperFactoryBean found.
2020-03-11 22:35:49.540 [main] INFO  org.apache.coyote.http11.Http11NioProtocol - Starting ProtocolHandler ["http-nio-8080"]
2020-03-11 22:35:49.620 [main] INFO  com.coolwe.start.StartApplication - Started StartApplication in 4.962 seconds (JVM running for 5.981)
2020-03-11 22:36:05.521 [http-nio-8080-exec-1] INFO  org.apache.catalina.core.ContainerBase.[Tomcat].[localhost].[/] - Initializing Spring DispatcherServlet 'dispatcherServlet'
2020-03-11 22:36:05.602 [http-nio-8080-exec-1] INFO  com.coolwe.start.controller.MainController - /showDatabases
2020-03-11 22:36:05.623 [http-nio-8080-exec-1] ERROR org.apache.catalina.core.ContainerBase.[Tomcat].[localhost].[/].[dispatcherServlet] - Servlet.service() for servlet [dispatcherServlet] in context with path [] threw exception [Handler dispatch failed; nested exception is java.lang.Error: Unresolved compilation problem: 
	The method exec(String) is undefined for the type JDBCUtil
] with root cause
java.lang.Error: Unresolved compilation problem: 
	The method exec(String) is undefined for the type JDBCUtil

	at com.coolwe.start.aspect.QueryAspect.advice(QueryAspect.java:34)
	at sun.reflect.NativeMethodAccessorImpl.invoke0(Native Method)
	at sun.reflect.NativeMethodAccessorImpl.invoke(NativeMethodAccessorImpl.java:62)
	at sun.reflect.DelegatingMethodAccessorImpl.invoke(DelegatingMethodAccessorImpl.java:43)
	at java.lang.reflect.Method.invoke(Method.java:498)
	at org.springframework.aop.aspectj.AbstractAspectJAdvice.invokeAdviceMethodWithGivenArgs(AbstractAspectJAdvice.java:644)
	at org.springframework.aop.aspectj.AbstractAspectJAdvice.invokeAdviceMethod(AbstractAspectJAdvice.java:633)
	at org.springframework.aop.aspectj.AspectJAroundAdvice.invoke(AspectJAroundAdvice.java:70)
	at org.springframework.aop.framework.ReflectiveMethodInvocation.proceed(ReflectiveMethodInvocation.java:175)
	at org.springframework.aop.interceptor.ExposeInvocationInterceptor.invoke(ExposeInvocationInterceptor.java:93)
	at org.springframework.aop.framework.ReflectiveMethodInvocation.proceed(ReflectiveMethodInvocation.java:186)
	at org.springframework.aop.framework.JdkDynamicAopProxy.invoke(JdkDynamicAopProxy.java:212)
	at com.sun.proxy.$Proxy72.showDatabases(Unknown Source)
	at com.coolwe.start.controller.MainController.showDatabases(MainController.java:60)
	at sun.reflect.NativeMethodAccessorImpl.invoke0(Native Method)
	at sun.reflect.NativeMethodAccessorImpl.invoke(NativeMethodAccessorImpl.java:62)
	at sun.reflect.DelegatingMethodAccessorImpl.invoke(DelegatingMethodAccessorImpl.java:43)
	at java.lang.reflect.Method.invoke(Method.java:498)
	at org.springframework.web.method.support.InvocableHandlerMethod.doInvoke(InvocableHandlerMethod.java:189)
	at org.springframework.web.method.support.InvocableHandlerMethod.invokeForRequest(InvocableHandlerMethod.java:138)
	at org.springframework.web.servlet.mvc.method.annotation.ServletInvocableHandlerMethod.invokeAndHandle(ServletInvocableHandlerMethod.java:102)
	at org.springframework.web.servlet.mvc.method.annotation.RequestMappingHandlerAdapter.invokeHandlerMethod(RequestMappingHandlerAdapter.java:895)
	at org.springframework.web.servlet.mvc.method.annotation.RequestMappingHandlerAdapter.handleInternal(RequestMappingHandlerAdapter.java:800)
	at org.springframework.web.servlet.mvc.method.AbstractHandlerMethodAdapter.handle(AbstractHandlerMethodAdapter.java:87)
	at org.springframework.web.servlet.DispatcherServlet.doDispatch(DispatcherServlet.java:1038)
	at org.springframework.web.servlet.DispatcherServlet.doService(DispatcherServlet.java:942)
	at org.springframework.web.servlet.FrameworkServlet.processRequest(FrameworkServlet.java:1005)
	at org.springframework.web.servlet.FrameworkServlet.doPost(FrameworkServlet.java:908)
	at javax.servlet.http.HttpServlet.service(HttpServlet.java:660)
	at org.springframework.web.servlet.FrameworkServlet.service(FrameworkServlet.java:882)
	at javax.servlet.http.HttpServlet.service(HttpServlet.java:741)
	at org.apache.catalina.core.ApplicationFilterChain.internalDoFilter(ApplicationFilterChain.java:231)
	at org.apache.catalina.core.ApplicationFilterChain.doFilter(ApplicationFilterChain.java:166)
	at org.apache.tomcat.websocket.server.WsFilter.doFilter(WsFilter.java:53)
	at org.apache.catalina.core.ApplicationFilterChain.internalDoFilter(ApplicationFilterChain.java:193)
	at org.apache.catalina.core.ApplicationFilterChain.doFilter(ApplicationFilterChain.java:166)
	at com.coolwe.start.filter.MainFilter.doFilter(MainFilter.java:34)
	at org.apache.catalina.core.ApplicationFilterChain.internalDoFilter(ApplicationFilterChain.java:193)
	at org.apache.catalina.core.ApplicationFilterChain.doFilter(ApplicationFilterChain.java:166)
	at org.springframework.web.filter.RequestContextFilter.doFilterInternal(RequestContextFilter.java:99)
	at org.springframework.web.filter.OncePerRequestFilter.doFilter(OncePerRequestFilter.java:107)
	at org.apache.catalina.core.ApplicationFilterChain.internalDoFilter(ApplicationFilterChain.java:193)
	at org.apache.catalina.core.ApplicationFilterChain.doFilter(ApplicationFilterChain.java:166)
	at org.springframework.web.filter.FormContentFilter.doFilterInternal(FormContentFilter.java:92)
	at org.springframework.web.filter.OncePerRequestFilter.doFilter(OncePerRequestFilter.java:107)
	at org.apache.catalina.core.ApplicationFilterChain.internalDoFilter(ApplicationFilterChain.java:193)
	at org.apache.catalina.core.ApplicationFilterChain.doFilter(ApplicationFilterChain.java:166)
	at org.springframework.web.filter.HiddenHttpMethodFilter.doFilterInternal(HiddenHttpMethodFilter.java:93)
	at org.springframework.web.filter.OncePerRequestFilter.doFilter(OncePerRequestFilter.java:107)
	at org.apache.catalina.core.ApplicationFilterChain.internalDoFilter(ApplicationFilterChain.java:193)
	at org.apache.catalina.core.ApplicationFilterChain.doFilter(ApplicationFilterChain.java:166)
	at org.springframework.web.filter.CharacterEncodingFilter.doFilterInternal(CharacterEncodingFilter.java:200)
	at org.springframework.web.filter.OncePerRequestFilter.doFilter(OncePerRequestFilter.java:107)
	at org.apache.catalina.core.ApplicationFilterChain.internalDoFilter(ApplicationFilterChain.java:193)
	at org.apache.catalina.core.ApplicationFilterChain.doFilter(ApplicationFilterChain.java:166)
	at org.apache.catalina.core.StandardWrapperValve.invoke(StandardWrapperValve.java:200)
	at org.apache.catalina.core.StandardContextValve.invoke(StandardContextValve.java:96)
	at org.apache.catalina.authenticator.AuthenticatorBase.invoke(AuthenticatorBase.java:490)
	at org.apache.catalina.core.StandardHostValve.invoke(StandardHostValve.java:139)
	at org.apache.catalina.valves.ErrorReportValve.invoke(ErrorReportValve.java:92)
	at org.apache.catalina.core.StandardEngineValve.invoke(StandardEngineValve.java:74)
	at org.apache.catalina.connector.CoyoteAdapter.service(CoyoteAdapter.java:343)
	at org.apache.coyote.http11.Http11Processor.service(Http11Processor.java:408)
	at org.apache.coyote.AbstractProcessorLight.process(AbstractProcessorLight.java:66)
	at org.apache.coyote.AbstractProtocol$ConnectionHandler.process(AbstractProtocol.java:834)
	at org.apache.tomcat.util.net.NioEndpoint$SocketProcessor.doRun(NioEndpoint.java:1415)
	at org.apache.tomcat.util.net.SocketProcessorBase.run(SocketProcessorBase.java:49)
	at java.util.concurrent.ThreadPoolExecutor.runWorker(ThreadPoolExecutor.java:1149)
	at java.util.concurrent.ThreadPoolExecutor$Worker.run(ThreadPoolExecutor.java:624)
	at org.apache.tomcat.util.threads.TaskThread$WrappingRunnable.run(TaskThread.java:61)
	at java.lang.Thread.run(Thread.java:748)
2020-03-11 22:36:38.515 [main] INFO  com.coolwe.start.StartApplication - Starting StartApplication on DESKTOP-08VGM8P with PID 16976 (D:\struggle\start\target\classes started by 19399 in D:\struggle\start)
2020-03-11 22:36:38.518 [main] DEBUG com.coolwe.start.StartApplication - Running with Spring Boot v2.1.3.RELEASE, Spring v5.1.5.RELEASE
2020-03-11 22:36:38.519 [main] INFO  com.coolwe.start.StartApplication - No active profile set, falling back to default profiles: default
2020-03-11 22:36:39.529 [main] DEBUG org.mybatis.spring.boot.autoconfigure.MybatisAutoConfiguration - Searching for mappers annotated with @Mapper
2020-03-11 22:36:39.536 [main] DEBUG org.mybatis.spring.boot.autoconfigure.MybatisAutoConfiguration - Using auto-configuration base package 'com.coolwe.start'
2020-03-11 22:36:39.556 [main] DEBUG org.apache.ibatis.logging.LogFactory - Logging initialized using 'class org.apache.ibatis.logging.slf4j.Slf4jImpl' adapter.
2020-03-11 22:36:39.595 [main] DEBUG org.mybatis.spring.mapper.ClassPathMapperScanner - Identified candidate component class: file [D:\struggle\start\target\classes\com\coolwe\start\dao\MainDao.class]
2020-03-11 22:36:39.597 [main] DEBUG org.mybatis.spring.mapper.ClassPathMapperScanner - Creating MapperFactoryBean with name 'mainDao' and 'com.coolwe.start.dao.MainDao' mapperInterface
2020-03-11 22:36:39.609 [main] DEBUG org.mybatis.spring.mapper.ClassPathMapperScanner - Enabling autowire by type for MapperFactoryBean with name 'mainDao'.
2020-03-11 22:36:41.396 [main] INFO  org.apache.coyote.http11.Http11NioProtocol - Initializing ProtocolHandler ["http-nio-8080"]
2020-03-11 22:36:41.408 [main] INFO  org.apache.catalina.core.StandardService - Starting service [Tomcat]
2020-03-11 22:36:41.414 [main] INFO  org.apache.catalina.core.StandardEngine - Starting Servlet engine: [Apache Tomcat/9.0.16]
2020-03-11 22:36:41.432 [main] INFO  org.apache.catalina.core.AprLifecycleListener - The APR based Apache Tomcat Native library which allows optimal performance in production environments was not found on the java.library.path: [F:\soft\Java\jdk1.8.0_202\bin;C:\WINDOWS\Sun\Java\bin;C:\WINDOWS\system32;C:\WINDOWS;C:\WINDOWS\system32;C:\WINDOWS;C:\WINDOWS\System32\Wbem;C:\WINDOWS\System32\WindowsPowerShell\v1.0\;C:\WINDOWS\System32\OpenSSH\;F:\soft\Java\jdk1.8.0_202\bin;D:\soft\sqlite3;D:\soft\nodejs;D:\soft\Git\cmd;D:\soft\nodejs\node_global;D:\soft\nodejs\node_cache;C:\Program Files\MySQL\MySQL Shell 8.0\bin\;C:\Users\19399\AppData\Local\Microsoft\WindowsApps;D:\soft\bandizip\;D:\soft\Microsoft VS Code\bin;.]
2020-03-11 22:36:41.540 [main] INFO  org.apache.catalina.core.ContainerBase.[Tomcat].[localhost].[/] - Initializing Spring embedded WebApplicationContext
2020-03-11 22:36:41.699 [main] DEBUG com.zaxxer.hikari.HikariConfig - Driver class com.mysql.cj.jdbc.Driver found in Thread context class loader sun.misc.Launcher$AppClassLoader@18b4aac2
2020-03-11 22:36:41.815 [main] DEBUG org.apache.ibatis.io.VFS - Using VFS adapter org.mybatis.spring.boot.autoconfigure.SpringBootVFS
2020-03-11 22:36:41.817 [main] DEBUG org.mybatis.spring.SqlSessionFactoryBean - Scanned package: 'com.coolwe.domain' for aliases
2020-03-11 22:36:41.820 [main] DEBUG org.mybatis.spring.SqlSessionFactoryBean - Property 'mapperLocations' was not specified or no matching resources found
2020-03-11 22:36:42.575 [main] DEBUG org.mybatis.spring.boot.autoconfigure.MybatisAutoConfiguration - No org.mybatis.spring.mapper.MapperFactoryBean found.
2020-03-11 22:36:42.897 [main] INFO  org.apache.coyote.http11.Http11NioProtocol - Starting ProtocolHandler ["http-nio-8080"]
2020-03-11 22:36:42.994 [main] INFO  com.coolwe.start.StartApplication - Started StartApplication in 4.904 seconds (JVM running for 5.692)
2020-03-11 22:36:48.989 [http-nio-8080-exec-1] INFO  org.apache.catalina.core.ContainerBase.[Tomcat].[localhost].[/] - Initializing Spring DispatcherServlet 'dispatcherServlet'
2020-03-11 22:36:49.090 [http-nio-8080-exec-1] INFO  com.coolwe.start.controller.MainController - /showDatabases
2020-03-11 22:44:46.037 [main] INFO  com.coolwe.start.StartApplication - Starting StartApplication on DESKTOP-08VGM8P with PID 13924 (D:\struggle\start\target\classes started by 19399 in D:\struggle\start)
2020-03-11 22:44:46.040 [main] DEBUG com.coolwe.start.StartApplication - Running with Spring Boot v2.1.3.RELEASE, Spring v5.1.5.RELEASE
2020-03-11 22:44:46.041 [main] INFO  com.coolwe.start.StartApplication - No active profile set, falling back to default profiles: default
2020-03-11 22:44:46.985 [main] DEBUG org.mybatis.spring.boot.autoconfigure.MybatisAutoConfiguration - Searching for mappers annotated with @Mapper
2020-03-11 22:44:46.987 [main] DEBUG org.mybatis.spring.boot.autoconfigure.MybatisAutoConfiguration - Using auto-configuration base package 'com.coolwe.start'
2020-03-11 22:44:46.996 [main] DEBUG org.apache.ibatis.logging.LogFactory - Logging initialized using 'class org.apache.ibatis.logging.slf4j.Slf4jImpl' adapter.
2020-03-11 22:44:47.012 [main] DEBUG org.mybatis.spring.mapper.ClassPathMapperScanner - Identified candidate component class: file [D:\struggle\start\target\classes\com\coolwe\start\dao\MainDao.class]
2020-03-11 22:44:47.028 [main] DEBUG org.mybatis.spring.mapper.ClassPathMapperScanner - Creating MapperFactoryBean with name 'mainDao' and 'com.coolwe.start.dao.MainDao' mapperInterface
2020-03-11 22:44:47.029 [main] DEBUG org.mybatis.spring.mapper.ClassPathMapperScanner - Enabling autowire by type for MapperFactoryBean with name 'mainDao'.
2020-03-11 22:44:48.952 [main] INFO  org.apache.coyote.http11.Http11NioProtocol - Initializing ProtocolHandler ["http-nio-8080"]
2020-03-11 22:44:48.980 [main] INFO  org.apache.catalina.core.StandardService - Starting service [Tomcat]
2020-03-11 22:44:48.985 [main] INFO  org.apache.catalina.core.StandardEngine - Starting Servlet engine: [Apache Tomcat/9.0.16]
2020-03-11 22:44:49.004 [main] INFO  org.apache.catalina.core.AprLifecycleListener - The APR based Apache Tomcat Native library which allows optimal performance in production environments was not found on the java.library.path: [F:\soft\Java\jdk1.8.0_202\bin;C:\WINDOWS\Sun\Java\bin;C:\WINDOWS\system32;C:\WINDOWS;C:\WINDOWS\system32;C:\WINDOWS;C:\WINDOWS\System32\Wbem;C:\WINDOWS\System32\WindowsPowerShell\v1.0\;C:\WINDOWS\System32\OpenSSH\;F:\soft\Java\jdk1.8.0_202\bin;D:\soft\sqlite3;D:\soft\nodejs;D:\soft\Git\cmd;D:\soft\nodejs\node_global;D:\soft\nodejs\node_cache;C:\Program Files\MySQL\MySQL Shell 8.0\bin\;C:\Users\19399\AppData\Local\Microsoft\WindowsApps;D:\soft\bandizip\;D:\soft\Microsoft VS Code\bin;.]
2020-03-11 22:44:49.114 [main] INFO  org.apache.catalina.core.ContainerBase.[Tomcat].[localhost].[/] - Initializing Spring embedded WebApplicationContext
2020-03-11 22:44:49.276 [main] DEBUG com.zaxxer.hikari.HikariConfig - Driver class com.mysql.cj.jdbc.Driver found in Thread context class loader sun.misc.Launcher$AppClassLoader@18b4aac2
2020-03-11 22:44:49.405 [main] DEBUG org.apache.ibatis.io.VFS - Using VFS adapter org.mybatis.spring.boot.autoconfigure.SpringBootVFS
2020-03-11 22:44:49.406 [main] DEBUG org.mybatis.spring.SqlSessionFactoryBean - Scanned package: 'com.coolwe.domain' for aliases
2020-03-11 22:44:49.408 [main] DEBUG org.mybatis.spring.SqlSessionFactoryBean - Property 'mapperLocations' was not specified or no matching resources found
2020-03-11 22:44:49.933 [main] DEBUG org.mybatis.spring.boot.autoconfigure.MybatisAutoConfiguration - No org.mybatis.spring.mapper.MapperFactoryBean found.
2020-03-11 22:44:50.163 [main] INFO  org.apache.coyote.http11.Http11NioProtocol - Starting ProtocolHandler ["http-nio-8080"]
2020-03-11 22:44:50.233 [main] INFO  com.coolwe.start.StartApplication - Started StartApplication in 4.631 seconds (JVM running for 5.513)
2020-03-11 22:44:55.333 [http-nio-8080-exec-2] INFO  org.apache.catalina.core.ContainerBase.[Tomcat].[localhost].[/] - Initializing Spring DispatcherServlet 'dispatcherServlet'
2020-03-11 22:44:55.418 [http-nio-8080-exec-2] INFO  com.coolwe.start.controller.MainController - /showDatabases
2020-03-11 22:44:55.439 [http-nio-8080-exec-2] ERROR org.apache.catalina.core.ContainerBase.[Tomcat].[localhost].[/].[dispatcherServlet] - Servlet.service() for servlet [dispatcherServlet] in context with path [] threw exception [Handler dispatch failed; nested exception is java.lang.Error: Unresolved compilation problem: 
	Type mismatch: cannot convert from List<Map<String,Object>> to JSONObject
] with root cause
java.lang.Error: Unresolved compilation problem: 
	Type mismatch: cannot convert from List<Map<String,Object>> to JSONObject

	at com.coolwe.start.aspect.QueryAspect.advice(QueryAspect.java:34)
	at sun.reflect.NativeMethodAccessorImpl.invoke0(Native Method)
	at sun.reflect.NativeMethodAccessorImpl.invoke(NativeMethodAccessorImpl.java:62)
	at sun.reflect.DelegatingMethodAccessorImpl.invoke(DelegatingMethodAccessorImpl.java:43)
	at java.lang.reflect.Method.invoke(Method.java:498)
	at org.springframework.aop.aspectj.AbstractAspectJAdvice.invokeAdviceMethodWithGivenArgs(AbstractAspectJAdvice.java:644)
	at org.springframework.aop.aspectj.AbstractAspectJAdvice.invokeAdviceMethod(AbstractAspectJAdvice.java:633)
	at org.springframework.aop.aspectj.AspectJAroundAdvice.invoke(AspectJAroundAdvice.java:70)
	at org.springframework.aop.framework.ReflectiveMethodInvocation.proceed(ReflectiveMethodInvocation.java:175)
	at org.springframework.aop.interceptor.ExposeInvocationInterceptor.invoke(ExposeInvocationInterceptor.java:93)
	at org.springframework.aop.framework.ReflectiveMethodInvocation.proceed(ReflectiveMethodInvocation.java:186)
	at org.springframework.aop.framework.JdkDynamicAopProxy.invoke(JdkDynamicAopProxy.java:212)
	at com.sun.proxy.$Proxy72.showDatabases(Unknown Source)
	at com.coolwe.start.controller.MainController.showDatabases(MainController.java:60)
	at sun.reflect.NativeMethodAccessorImpl.invoke0(Native Method)
	at sun.reflect.NativeMethodAccessorImpl.invoke(NativeMethodAccessorImpl.java:62)
	at sun.reflect.DelegatingMethodAccessorImpl.invoke(DelegatingMethodAccessorImpl.java:43)
	at java.lang.reflect.Method.invoke(Method.java:498)
	at org.springframework.web.method.support.InvocableHandlerMethod.doInvoke(InvocableHandlerMethod.java:189)
	at org.springframework.web.method.support.InvocableHandlerMethod.invokeForRequest(InvocableHandlerMethod.java:138)
	at org.springframework.web.servlet.mvc.method.annotation.ServletInvocableHandlerMethod.invokeAndHandle(ServletInvocableHandlerMethod.java:102)
	at org.springframework.web.servlet.mvc.method.annotation.RequestMappingHandlerAdapter.invokeHandlerMethod(RequestMappingHandlerAdapter.java:895)
	at org.springframework.web.servlet.mvc.method.annotation.RequestMappingHandlerAdapter.handleInternal(RequestMappingHandlerAdapter.java:800)
	at org.springframework.web.servlet.mvc.method.AbstractHandlerMethodAdapter.handle(AbstractHandlerMethodAdapter.java:87)
	at org.springframework.web.servlet.DispatcherServlet.doDispatch(DispatcherServlet.java:1038)
	at org.springframework.web.servlet.DispatcherServlet.doService(DispatcherServlet.java:942)
	at org.springframework.web.servlet.FrameworkServlet.processRequest(FrameworkServlet.java:1005)
	at org.springframework.web.servlet.FrameworkServlet.doPost(FrameworkServlet.java:908)
	at javax.servlet.http.HttpServlet.service(HttpServlet.java:660)
	at org.springframework.web.servlet.FrameworkServlet.service(FrameworkServlet.java:882)
	at javax.servlet.http.HttpServlet.service(HttpServlet.java:741)
	at org.apache.catalina.core.ApplicationFilterChain.internalDoFilter(ApplicationFilterChain.java:231)
	at org.apache.catalina.core.ApplicationFilterChain.doFilter(ApplicationFilterChain.java:166)
	at org.apache.tomcat.websocket.server.WsFilter.doFilter(WsFilter.java:53)
	at org.apache.catalina.core.ApplicationFilterChain.internalDoFilter(ApplicationFilterChain.java:193)
	at org.apache.catalina.core.ApplicationFilterChain.doFilter(ApplicationFilterChain.java:166)
	at com.coolwe.start.filter.MainFilter.doFilter(MainFilter.java:34)
	at org.apache.catalina.core.ApplicationFilterChain.internalDoFilter(ApplicationFilterChain.java:193)
	at org.apache.catalina.core.ApplicationFilterChain.doFilter(ApplicationFilterChain.java:166)
	at org.springframework.web.filter.RequestContextFilter.doFilterInternal(RequestContextFilter.java:99)
	at org.springframework.web.filter.OncePerRequestFilter.doFilter(OncePerRequestFilter.java:107)
	at org.apache.catalina.core.ApplicationFilterChain.internalDoFilter(ApplicationFilterChain.java:193)
	at org.apache.catalina.core.ApplicationFilterChain.doFilter(ApplicationFilterChain.java:166)
	at org.springframework.web.filter.FormContentFilter.doFilterInternal(FormContentFilter.java:92)
	at org.springframework.web.filter.OncePerRequestFilter.doFilter(OncePerRequestFilter.java:107)
	at org.apache.catalina.core.ApplicationFilterChain.internalDoFilter(ApplicationFilterChain.java:193)
	at org.apache.catalina.core.ApplicationFilterChain.doFilter(ApplicationFilterChain.java:166)
	at org.springframework.web.filter.HiddenHttpMethodFilter.doFilterInternal(HiddenHttpMethodFilter.java:93)
	at org.springframework.web.filter.OncePerRequestFilter.doFilter(OncePerRequestFilter.java:107)
	at org.apache.catalina.core.ApplicationFilterChain.internalDoFilter(ApplicationFilterChain.java:193)
	at org.apache.catalina.core.ApplicationFilterChain.doFilter(ApplicationFilterChain.java:166)
	at org.springframework.web.filter.CharacterEncodingFilter.doFilterInternal(CharacterEncodingFilter.java:200)
	at org.springframework.web.filter.OncePerRequestFilter.doFilter(OncePerRequestFilter.java:107)
	at org.apache.catalina.core.ApplicationFilterChain.internalDoFilter(ApplicationFilterChain.java:193)
	at org.apache.catalina.core.ApplicationFilterChain.doFilter(ApplicationFilterChain.java:166)
	at org.apache.catalina.core.StandardWrapperValve.invoke(StandardWrapperValve.java:200)
	at org.apache.catalina.core.StandardContextValve.invoke(StandardContextValve.java:96)
	at org.apache.catalina.authenticator.AuthenticatorBase.invoke(AuthenticatorBase.java:490)
	at org.apache.catalina.core.StandardHostValve.invoke(StandardHostValve.java:139)
	at org.apache.catalina.valves.ErrorReportValve.invoke(ErrorReportValve.java:92)
	at org.apache.catalina.core.StandardEngineValve.invoke(StandardEngineValve.java:74)
	at org.apache.catalina.connector.CoyoteAdapter.service(CoyoteAdapter.java:343)
	at org.apache.coyote.http11.Http11Processor.service(Http11Processor.java:408)
	at org.apache.coyote.AbstractProcessorLight.process(AbstractProcessorLight.java:66)
	at org.apache.coyote.AbstractProtocol$ConnectionHandler.process(AbstractProtocol.java:834)
	at org.apache.tomcat.util.net.NioEndpoint$SocketProcessor.doRun(NioEndpoint.java:1415)
	at org.apache.tomcat.util.net.SocketProcessorBase.run(SocketProcessorBase.java:49)
	at java.util.concurrent.ThreadPoolExecutor.runWorker(ThreadPoolExecutor.java:1149)
	at java.util.concurrent.ThreadPoolExecutor$Worker.run(ThreadPoolExecutor.java:624)
	at org.apache.tomcat.util.threads.TaskThread$WrappingRunnable.run(TaskThread.java:61)
	at java.lang.Thread.run(Thread.java:748)
2020-03-11 22:48:09.392 [main] INFO  com.coolwe.start.StartApplication - Starting StartApplication on DESKTOP-08VGM8P with PID 17224 (D:\struggle\start\target\classes started by 19399 in D:\struggle\start)
2020-03-11 22:48:09.403 [main] DEBUG com.coolwe.start.StartApplication - Running with Spring Boot v2.1.3.RELEASE, Spring v5.1.5.RELEASE
2020-03-11 22:48:09.404 [main] INFO  com.coolwe.start.StartApplication - No active profile set, falling back to default profiles: default
2020-03-11 22:48:10.301 [main] DEBUG org.mybatis.spring.boot.autoconfigure.MybatisAutoConfiguration - Searching for mappers annotated with @Mapper
2020-03-11 22:48:10.304 [main] DEBUG org.mybatis.spring.boot.autoconfigure.MybatisAutoConfiguration - Using auto-configuration base package 'com.coolwe.start'
2020-03-11 22:48:10.315 [main] DEBUG org.apache.ibatis.logging.LogFactory - Logging initialized using 'class org.apache.ibatis.logging.slf4j.Slf4jImpl' adapter.
2020-03-11 22:48:10.321 [main] DEBUG org.mybatis.spring.mapper.ClassPathMapperScanner - Identified candidate component class: file [D:\struggle\start\target\classes\com\coolwe\start\dao\MainDao.class]
2020-03-11 22:48:10.342 [main] DEBUG org.mybatis.spring.mapper.ClassPathMapperScanner - Creating MapperFactoryBean with name 'mainDao' and 'com.coolwe.start.dao.MainDao' mapperInterface
2020-03-11 22:48:10.344 [main] DEBUG org.mybatis.spring.mapper.ClassPathMapperScanner - Enabling autowire by type for MapperFactoryBean with name 'mainDao'.
2020-03-11 22:48:12.220 [main] INFO  org.apache.coyote.http11.Http11NioProtocol - Initializing ProtocolHandler ["http-nio-8080"]
2020-03-11 22:48:12.237 [main] INFO  org.apache.catalina.core.StandardService - Starting service [Tomcat]
2020-03-11 22:48:12.251 [main] INFO  org.apache.catalina.core.StandardEngine - Starting Servlet engine: [Apache Tomcat/9.0.16]
2020-03-11 22:48:12.306 [main] INFO  org.apache.catalina.core.AprLifecycleListener - The APR based Apache Tomcat Native library which allows optimal performance in production environments was not found on the java.library.path: [F:\soft\Java\jdk1.8.0_202\bin;C:\WINDOWS\Sun\Java\bin;C:\WINDOWS\system32;C:\WINDOWS;C:\WINDOWS\system32;C:\WINDOWS;C:\WINDOWS\System32\Wbem;C:\WINDOWS\System32\WindowsPowerShell\v1.0\;C:\WINDOWS\System32\OpenSSH\;F:\soft\Java\jdk1.8.0_202\bin;D:\soft\sqlite3;D:\soft\nodejs;D:\soft\Git\cmd;D:\soft\nodejs\node_global;D:\soft\nodejs\node_cache;C:\Program Files\MySQL\MySQL Shell 8.0\bin\;C:\Users\19399\AppData\Local\Microsoft\WindowsApps;D:\soft\bandizip\;D:\soft\Microsoft VS Code\bin;.]
2020-03-11 22:48:12.438 [main] INFO  org.apache.catalina.core.ContainerBase.[Tomcat].[localhost].[/] - Initializing Spring embedded WebApplicationContext
2020-03-11 22:48:12.629 [main] DEBUG com.zaxxer.hikari.HikariConfig - Driver class com.mysql.cj.jdbc.Driver found in Thread context class loader sun.misc.Launcher$AppClassLoader@18b4aac2
2020-03-11 22:48:12.743 [main] DEBUG org.apache.ibatis.io.VFS - Using VFS adapter org.mybatis.spring.boot.autoconfigure.SpringBootVFS
2020-03-11 22:48:12.744 [main] DEBUG org.mybatis.spring.SqlSessionFactoryBean - Scanned package: 'com.coolwe.domain' for aliases
2020-03-11 22:48:12.746 [main] DEBUG org.mybatis.spring.SqlSessionFactoryBean - Property 'mapperLocations' was not specified or no matching resources found
2020-03-11 22:48:13.359 [main] DEBUG org.mybatis.spring.boot.autoconfigure.MybatisAutoConfiguration - No org.mybatis.spring.mapper.MapperFactoryBean found.
2020-03-11 22:48:13.571 [main] INFO  org.apache.coyote.http11.Http11NioProtocol - Starting ProtocolHandler ["http-nio-8080"]
2020-03-11 22:48:13.641 [main] INFO  com.coolwe.start.StartApplication - Started StartApplication in 4.716 seconds (JVM running for 5.413)
2020-03-11 22:48:20.186 [http-nio-8080-exec-2] INFO  org.apache.catalina.core.ContainerBase.[Tomcat].[localhost].[/] - Initializing Spring DispatcherServlet 'dispatcherServlet'
2020-03-11 22:48:20.260 [http-nio-8080-exec-2] INFO  com.coolwe.start.controller.MainController - /showDatabases
2020-03-11 22:48:27.263 [http-nio-8080-exec-5] INFO  com.coolwe.start.controller.MainController - /showDatabases
2020-03-11 22:48:30.926 [http-nio-8080-exec-7] INFO  com.coolwe.start.controller.MainController - /showDatabases
