2020-03-18 00:02:09.555 [http-nio-8081-exec-3] INFO  com.coolwe.start.controller.MainController - /showDatabases
2020-03-18 00:03:40.239 [http-nio-8081-exec-4] INFO  com.coolwe.start.controller.MainController - /showDatabases
2020-03-18 00:05:23.896 [http-nio-8081-exec-7] INFO  com.coolwe.start.controller.MainController - /showDatabases
2020-03-18 00:06:52.769 [http-nio-8081-exec-10] INFO  com.coolwe.start.controller.MainController - /showDatabases
2020-03-18 00:09:22.596 [http-nio-8081-exec-1] INFO  com.coolwe.start.controller.MainController - /showDatabases
2020-03-18 00:09:40.902 [http-nio-8081-exec-2] INFO  com.coolwe.start.controller.MainController - /showDatabases
2020-03-18 00:10:20.986 [http-nio-8081-exec-3] INFO  com.coolwe.start.controller.MainController - /showDatabases
2020-03-18 00:11:14.285 [http-nio-8081-exec-5] INFO  com.coolwe.start.controller.MainController - /showDatabases
2020-03-18 00:11:57.164 [http-nio-8081-exec-4] INFO  com.coolwe.start.controller.MainController - /showDatabases
2020-03-18 00:12:28.311 [http-nio-8081-exec-6] INFO  com.coolwe.start.controller.MainController - /showDatabases
2020-03-18 00:14:21.904 [http-nio-8081-exec-8] INFO  com.coolwe.start.controller.MainController - /showDatabases
2020-03-18 00:14:57.269 [http-nio-8081-exec-10] INFO  com.coolwe.start.controller.MainController - /showDatabases
2020-03-18 00:15:18.811 [http-nio-8081-exec-9] INFO  com.coolwe.start.controller.MainController - /showDatabases
2020-03-18 00:15:47.721 [http-nio-8081-exec-1] INFO  com.coolwe.start.controller.MainController - /showDatabases
2020-03-18 00:16:35.907 [http-nio-8081-exec-2] INFO  com.coolwe.start.controller.MainController - /showDatabases
2020-03-18 00:16:54.155 [http-nio-8081-exec-3] INFO  com.coolwe.start.controller.MainController - /showDatabases
2020-03-18 00:19:08.199 [http-nio-8081-exec-4] INFO  com.coolwe.start.controller.MainController - /showDatabases
2020-03-18 00:19:56.620 [http-nio-8081-exec-6] INFO  com.coolwe.start.controller.MainController - /showDatabases
2020-03-18 00:21:37.420 [http-nio-8081-exec-8] INFO  com.coolwe.start.controller.MainController - /showDatabases
2020-03-18 00:22:00.677 [http-nio-8081-exec-10] INFO  com.coolwe.start.controller.MainController - /showDatabases
2020-03-18 00:22:27.388 [http-nio-8081-exec-9] INFO  com.coolwe.start.controller.MainController - /showDatabases
2020-03-18 00:23:23.600 [http-nio-8081-exec-1] INFO  com.coolwe.start.controller.MainController - /showDatabases
2020-03-18 00:25:33.376 [http-nio-8081-exec-3] INFO  com.coolwe.start.controller.MainController - /showDatabases
2020-03-18 00:25:55.982 [http-nio-8081-exec-5] INFO  com.coolwe.start.controller.MainController - /showDatabases
2020-03-18 00:26:40.231 [http-nio-8081-exec-4] INFO  com.coolwe.start.controller.MainController - /showDatabases
2020-03-18 00:27:05.671 [http-nio-8081-exec-6] INFO  com.coolwe.start.controller.MainController - /showDatabases
2020-03-18 00:27:34.138 [http-nio-8081-exec-7] INFO  com.coolwe.start.controller.MainController - /showDatabases
2020-03-18 00:28:54.344 [http-nio-8081-exec-10] INFO  com.coolwe.start.controller.MainController - /showDatabases
2020-03-18 00:29:15.594 [http-nio-8081-exec-9] INFO  com.coolwe.start.controller.MainController - /showDatabases
2020-03-18 00:30:00.804 [http-nio-8081-exec-1] INFO  com.coolwe.start.controller.MainController - /showDatabases
2020-03-18 00:30:13.103 [http-nio-8081-exec-2] INFO  com.coolwe.start.controller.MainController - /showDatabases
2020-03-18 00:31:18.593 [http-nio-8081-exec-5] INFO  com.coolwe.start.controller.MainController - /showDatabases
2020-03-18 00:32:54.429 [http-nio-8081-exec-6] INFO  com.coolwe.start.controller.MainController - /showDatabases
2020-03-18 00:34:04.820 [http-nio-8081-exec-8] INFO  com.coolwe.start.controller.MainController - /showDatabases
2020-03-18 00:35:27.295 [http-nio-8081-exec-9] INFO  com.coolwe.start.controller.MainController - /showDatabases
2020-03-18 08:25:42.142 [main] INFO  com.coolwe.start.StartApplication - Starting StartApplication on DESKTOP-08VGM8P with PID 4780 (D:\struggle\start\target\classes started by 19399 in D:\struggle\start)
2020-03-18 08:25:42.244 [main] DEBUG com.coolwe.start.StartApplication - Running with Spring Boot v2.1.3.RELEASE, Spring v5.1.5.RELEASE
2020-03-18 08:25:42.244 [main] INFO  com.coolwe.start.StartApplication - No active profile set, falling back to default profiles: default
2020-03-18 08:25:43.004 [main] DEBUG org.mybatis.spring.boot.autoconfigure.MybatisAutoConfiguration - Searching for mappers annotated with @Mapper
2020-03-18 08:25:43.004 [main] DEBUG org.mybatis.spring.boot.autoconfigure.MybatisAutoConfiguration - Using auto-configuration base package 'com.coolwe.start'
2020-03-18 08:25:43.004 [main] DEBUG org.apache.ibatis.logging.LogFactory - Logging initialized using 'class org.apache.ibatis.logging.slf4j.Slf4jImpl' adapter.
2020-03-18 08:25:43.019 [main] DEBUG org.mybatis.spring.mapper.ClassPathMapperScanner - Identified candidate component class: file [D:\struggle\start\target\classes\com\coolwe\start\dao\MainDao.class]
2020-03-18 08:25:43.019 [main] DEBUG org.mybatis.spring.mapper.ClassPathMapperScanner - Creating MapperFactoryBean with name 'mainDao' and 'com.coolwe.start.dao.MainDao' mapperInterface
2020-03-18 08:25:43.019 [main] DEBUG org.mybatis.spring.mapper.ClassPathMapperScanner - Enabling autowire by type for MapperFactoryBean with name 'mainDao'.
2020-03-18 08:25:44.511 [main] INFO  org.apache.coyote.http11.Http11NioProtocol - Initializing ProtocolHandler ["http-nio-8081"]
2020-03-18 08:25:44.521 [main] INFO  org.apache.catalina.core.StandardService - Starting service [Tomcat]
2020-03-18 08:25:44.521 [main] INFO  org.apache.catalina.core.StandardEngine - Starting Servlet engine: [Apache Tomcat/9.0.16]
2020-03-18 08:25:44.522 [main] INFO  org.apache.catalina.core.AprLifecycleListener - The APR based Apache Tomcat Native library which allows optimal performance in production environments was not found on the java.library.path: [F:\soft\Java\jdk1.8.0_202\bin;C:\WINDOWS\Sun\Java\bin;C:\WINDOWS\system32;C:\WINDOWS;C:\WINDOWS\system32;C:\WINDOWS;C:\WINDOWS\System32\Wbem;C:\WINDOWS\System32\WindowsPowerShell\v1.0\;C:\WINDOWS\System32\OpenSSH\;F:\soft\Java\jdk1.8.0_202\bin;D:\soft\sqlite3;D:\soft\nodejs;D:\soft\Git\cmd;D:\soft\nodejs\node_global;D:\soft\nodejs\node_cache;C:\Program Files\MySQL\MySQL Shell 8.0\bin\;C:\Users\19399\AppData\Local\Microsoft\WindowsApps;D:\soft\bandizip\;D:\soft\Microsoft VS Code\bin;.]
2020-03-18 08:25:44.600 [main] INFO  org.apache.catalina.core.ContainerBase.[Tomcat].[localhost].[/] - Initializing Spring embedded WebApplicationContext
2020-03-18 08:25:44.725 [main] DEBUG com.zaxxer.hikari.HikariConfig - Driver class com.mysql.cj.jdbc.Driver found in Thread context class loader sun.misc.Launcher$AppClassLoader@18b4aac2
2020-03-18 08:25:44.788 [main] DEBUG org.apache.ibatis.io.VFS - Using VFS adapter org.mybatis.spring.boot.autoconfigure.SpringBootVFS
2020-03-18 08:25:44.803 [main] DEBUG org.mybatis.spring.SqlSessionFactoryBean - Scanned package: 'com.coolwe.domain' for aliases
2020-03-18 08:25:44.803 [main] DEBUG org.mybatis.spring.SqlSessionFactoryBean - Property 'mapperLocations' was not specified or no matching resources found
2020-03-18 08:25:45.272 [main] DEBUG org.mybatis.spring.boot.autoconfigure.MybatisAutoConfiguration - No org.mybatis.spring.mapper.MapperFactoryBean found.
2020-03-18 08:25:45.741 [main] INFO  org.apache.coyote.http11.Http11NioProtocol - Starting ProtocolHandler ["http-nio-8081"]
2020-03-18 08:25:45.790 [main] INFO  com.coolwe.start.StartApplication - Started StartApplication in 3.996 seconds (JVM running for 7.554)
2020-03-18 08:28:18.072 [http-nio-8081-exec-1] INFO  org.apache.catalina.core.ContainerBase.[Tomcat].[localhost].[/] - Initializing Spring DispatcherServlet 'dispatcherServlet'
2020-03-18 08:28:18.147 [http-nio-8081-exec-1] INFO  com.coolwe.start.controller.MainController - /showDatabases
2020-03-18 08:30:23.168 [http-nio-8081-exec-4] INFO  com.coolwe.start.controller.MainController - /showDatabases
2020-03-18 08:30:59.163 [http-nio-8081-exec-5] INFO  com.coolwe.start.controller.MainController - /showDatabases
2020-03-18 08:31:13.140 [http-nio-8081-exec-2] INFO  com.coolwe.start.controller.MainController - /showDatabases
2020-03-18 08:31:41.197 [http-nio-8081-exec-8] INFO  com.coolwe.start.controller.MainController - /showDatabases
2020-03-18 08:31:56.756 [http-nio-8081-exec-7] INFO  com.coolwe.start.controller.MainController - /showDatabases
2020-03-18 08:32:19.640 [http-nio-8081-exec-6] INFO  com.coolwe.start.controller.MainController - /showDatabases
2020-03-18 08:33:03.674 [http-nio-8081-exec-3] INFO  com.coolwe.start.controller.MainController - /showDatabases
