2020-03-17 10:44:44.568 [main] INFO  com.coolwe.start.StartApplication - Starting StartApplication on DESKTOP-08VGM8P with PID 30280 (D:\struggle\start\target\classes started by 19399 in D:\struggle\start)
2020-03-17 10:44:44.571 [main] DEBUG com.coolwe.start.StartApplication - Running with Spring Boot v2.1.3.RELEASE, Spring v5.1.5.RELEASE
2020-03-17 10:44:44.592 [main] INFO  com.coolwe.start.StartApplication - No active profile set, falling back to default profiles: default
2020-03-17 10:44:45.490 [main] DEBUG org.mybatis.spring.boot.autoconfigure.MybatisAutoConfiguration - Searching for mappers annotated with @Mapper
2020-03-17 10:44:45.492 [main] DEBUG org.mybatis.spring.boot.autoconfigure.MybatisAutoConfiguration - Using auto-configuration base package 'com.coolwe.start'
2020-03-17 10:44:45.512 [main] DEBUG org.apache.ibatis.logging.LogFactory - Logging initialized using 'class org.apache.ibatis.logging.slf4j.Slf4jImpl' adapter.
2020-03-17 10:44:45.526 [main] DEBUG org.mybatis.spring.mapper.ClassPathMapperScanner - Identified candidate component class: file [D:\struggle\start\target\classes\com\coolwe\start\dao\MainDao.class]
2020-03-17 10:44:45.535 [main] DEBUG org.mybatis.spring.mapper.ClassPathMapperScanner - Creating MapperFactoryBean with name 'mainDao' and 'com.coolwe.start.dao.MainDao' mapperInterface
2020-03-17 10:44:45.538 [main] DEBUG org.mybatis.spring.mapper.ClassPathMapperScanner - Enabling autowire by type for MapperFactoryBean with name 'mainDao'.
2020-03-17 10:44:46.817 [main] INFO  org.apache.coyote.http11.Http11NioProtocol - Initializing ProtocolHandler ["http-nio-8081"]
2020-03-17 10:44:46.831 [main] INFO  org.apache.catalina.core.StandardService - Starting service [Tomcat]
2020-03-17 10:44:46.838 [main] INFO  org.apache.catalina.core.StandardEngine - Starting Servlet engine: [Apache Tomcat/9.0.16]
2020-03-17 10:44:46.851 [main] INFO  org.apache.catalina.core.AprLifecycleListener - The APR based Apache Tomcat Native library which allows optimal performance in production environments was not found on the java.library.path: [F:\soft\Java\jdk1.8.0_202\bin;C:\WINDOWS\Sun\Java\bin;C:\WINDOWS\system32;C:\WINDOWS;C:\WINDOWS\system32;C:\WINDOWS;C:\WINDOWS\System32\Wbem;C:\WINDOWS\System32\WindowsPowerShell\v1.0\;C:\WINDOWS\System32\OpenSSH\;F:\soft\Java\jdk1.8.0_202\bin;D:\soft\sqlite3;D:\soft\nodejs;D:\soft\Git\cmd;D:\soft\nodejs\node_global;D:\soft\nodejs\node_cache;C:\Program Files\MySQL\MySQL Shell 8.0\bin\;C:\Users\19399\AppData\Local\Microsoft\WindowsApps;D:\soft\bandizip\;D:\soft\Microsoft VS Code\bin;.]
2020-03-17 10:44:46.940 [main] INFO  org.apache.catalina.core.ContainerBase.[Tomcat].[localhost].[/] - Initializing Spring embedded WebApplicationContext
2020-03-17 10:44:47.074 [main] DEBUG com.zaxxer.hikari.HikariConfig - Driver class com.mysql.cj.jdbc.Driver found in Thread context class loader sun.misc.Launcher$AppClassLoader@18b4aac2
2020-03-17 10:44:47.178 [main] DEBUG org.apache.ibatis.io.VFS - Using VFS adapter org.mybatis.spring.boot.autoconfigure.SpringBootVFS
2020-03-17 10:44:47.179 [main] DEBUG org.mybatis.spring.SqlSessionFactoryBean - Scanned package: 'com.coolwe.domain' for aliases
2020-03-17 10:44:47.181 [main] DEBUG org.mybatis.spring.SqlSessionFactoryBean - Property 'mapperLocations' was not specified or no matching resources found
2020-03-17 10:44:47.660 [main] DEBUG org.mybatis.spring.boot.autoconfigure.MybatisAutoConfiguration - No org.mybatis.spring.mapper.MapperFactoryBean found.
2020-03-17 10:44:47.813 [main] INFO  org.apache.coyote.http11.Http11NioProtocol - Starting ProtocolHandler ["http-nio-8081"]
2020-03-17 10:44:47.864 [main] INFO  com.coolwe.start.StartApplication - Started StartApplication in 3.852 seconds (JVM running for 4.928)
2020-03-17 10:45:48.186 [http-nio-8081-exec-2] INFO  org.apache.catalina.core.ContainerBase.[Tomcat].[localhost].[/] - Initializing Spring DispatcherServlet 'dispatcherServlet'
2020-03-17 10:45:48.263 [http-nio-8081-exec-2] INFO  com.coolwe.start.controller.MainController - /showDatabases
2020-03-17 10:46:20.746 [http-nio-8081-exec-3] INFO  com.coolwe.start.controller.MainController - /showDatabases
2020-03-17 10:46:38.923 [http-nio-8081-exec-4] INFO  com.coolwe.start.controller.MainController - /showDatabases
2020-03-17 10:48:48.486 [http-nio-8081-exec-6] INFO  com.coolwe.start.controller.MainController - /showDatabases
2020-03-17 10:49:42.290 [http-nio-8081-exec-7] INFO  com.coolwe.start.controller.MainController - /showDatabases
2020-03-17 10:50:07.618 [http-nio-8081-exec-9] INFO  com.coolwe.start.controller.MainController - /showDatabases
2020-03-17 10:51:15.180 [http-nio-8081-exec-8] INFO  com.coolwe.start.controller.MainController - /showDatabases
2020-03-17 10:51:57.570 [http-nio-8081-exec-10] INFO  com.coolwe.start.controller.MainController - /showDatabases
2020-03-17 10:53:18.968 [http-nio-8081-exec-3] INFO  com.coolwe.start.controller.MainController - /showDatabases
2020-03-17 10:54:04.245 [http-nio-8081-exec-4] INFO  com.coolwe.start.controller.MainController - /showDatabases
2020-03-17 11:09:41.642 [http-nio-8081-exec-6] INFO  com.coolwe.start.controller.MainController - /showDatabases
2020-03-17 11:10:25.849 [http-nio-8081-exec-7] INFO  com.coolwe.start.controller.MainController - /showDatabases
2020-03-17 11:12:14.032 [http-nio-8081-exec-1] INFO  com.coolwe.start.controller.MainController - /showDatabases
2020-03-17 11:13:22.859 [http-nio-8081-exec-10] INFO  com.coolwe.start.controller.MainController - /showDatabases
2020-03-17 11:13:46.455 [http-nio-8081-exec-2] INFO  com.coolwe.start.controller.MainController - /showDatabases
2020-03-17 11:15:49.715 [http-nio-8081-exec-4] INFO  com.coolwe.start.controller.MainController - /showDatabases
2020-03-17 11:16:07.905 [http-nio-8081-exec-5] INFO  com.coolwe.start.controller.MainController - /showDatabases
2020-03-17 11:17:40.003 [http-nio-8081-exec-7] INFO  com.coolwe.start.controller.MainController - /showDatabases
2020-03-17 11:18:02.161 [http-nio-8081-exec-9] INFO  com.coolwe.start.controller.MainController - /showDatabases
2020-03-17 11:18:23.823 [http-nio-8081-exec-1] INFO  com.coolwe.start.controller.MainController - /showDatabases
2020-03-17 11:18:41.320 [http-nio-8081-exec-8] INFO  com.coolwe.start.controller.MainController - /showDatabases
2020-03-17 11:18:54.562 [http-nio-8081-exec-10] INFO  com.coolwe.start.controller.MainController - /showDatabases
2020-03-17 11:19:24.996 [http-nio-8081-exec-2] INFO  com.coolwe.start.controller.MainController - /showDatabases
2020-03-17 11:20:45.325 [http-nio-8081-exec-4] INFO  com.coolwe.start.controller.MainController - /showDatabases
2020-03-17 11:20:48.711 [http-nio-8081-exec-5] INFO  com.coolwe.start.controller.MainController - /showDatabases
2020-03-17 11:39:00.871 [http-nio-8081-exec-7] INFO  com.coolwe.start.controller.MainController - /showDatabases
2020-03-17 11:39:46.946 [http-nio-8081-exec-9] INFO  com.coolwe.start.controller.MainController - /showDatabases
2020-03-17 11:40:29.796 [http-nio-8081-exec-1] INFO  com.coolwe.start.controller.MainController - /showDatabases
2020-03-17 11:40:48.249 [http-nio-8081-exec-8] INFO  com.coolwe.start.controller.MainController - /showDatabases
2020-03-17 11:41:03.632 [http-nio-8081-exec-10] INFO  com.coolwe.start.controller.MainController - /showDatabases
2020-03-17 11:42:00.181 [http-nio-8081-exec-2] INFO  com.coolwe.start.controller.MainController - /showDatabases
2020-03-17 11:42:21.288 [http-nio-8081-exec-3] INFO  com.coolwe.start.controller.MainController - /showDatabases
2020-03-17 13:02:13.446 [http-nio-8081-exec-5] INFO  com.coolwe.start.controller.MainController - /showDatabases
2020-03-17 13:09:34.160 [http-nio-8081-exec-7] INFO  com.coolwe.start.controller.MainController - /showDatabases
2020-03-17 13:09:50.964 [http-nio-8081-exec-9] INFO  com.coolwe.start.controller.MainController - /showDatabases
2020-03-17 13:10:10.515 [http-nio-8081-exec-1] INFO  com.coolwe.start.controller.MainController - /showDatabases
2020-03-17 13:10:15.343 [http-nio-8081-exec-8] INFO  com.coolwe.start.controller.MainController - /showDatabases
2020-03-17 13:10:41.568 [http-nio-8081-exec-10] INFO  com.coolwe.start.controller.MainController - /showDatabases
2020-03-17 13:11:00.974 [http-nio-8081-exec-2] INFO  com.coolwe.start.controller.MainController - /showDatabases
2020-03-17 13:11:54.657 [http-nio-8081-exec-3] INFO  com.coolwe.start.controller.MainController - /showDatabases
2020-03-17 13:12:04.714 [http-nio-8081-exec-4] INFO  com.coolwe.start.controller.MainController - /showDatabases
2020-03-17 13:13:44.752 [http-nio-8081-exec-6] INFO  com.coolwe.start.controller.MainController - /showDatabases
2020-03-17 13:13:54.449 [http-nio-8081-exec-7] INFO  com.coolwe.start.controller.MainController - /showDatabases
2020-03-17 13:20:31.757 [http-nio-8081-exec-1] INFO  com.coolwe.start.controller.MainController - /showDatabases
2020-03-17 13:20:45.809 [http-nio-8081-exec-8] INFO  com.coolwe.start.controller.MainController - /showDatabases
2020-03-17 13:21:02.357 [http-nio-8081-exec-10] INFO  com.coolwe.start.controller.MainController - /showDatabases
2020-03-17 13:21:20.870 [http-nio-8081-exec-2] INFO  com.coolwe.start.controller.MainController - /showDatabases
2020-03-17 13:21:54.883 [http-nio-8081-exec-3] INFO  com.coolwe.start.controller.MainController - /showDatabases
2020-03-17 13:22:14.576 [http-nio-8081-exec-4] INFO  com.coolwe.start.controller.MainController - /showDatabases
2020-03-17 13:22:36.437 [http-nio-8081-exec-5] INFO  com.coolwe.start.controller.MainController - /showDatabases
2020-03-17 13:22:51.083 [http-nio-8081-exec-6] INFO  com.coolwe.start.controller.MainController - /showDatabases
2020-03-17 13:24:10.643 [http-nio-8081-exec-9] INFO  com.coolwe.start.controller.MainController - /showDatabases
2020-03-17 13:24:46.161 [http-nio-8081-exec-1] INFO  com.coolwe.start.controller.MainController - /showDatabases
2020-03-17 13:25:14.089 [http-nio-8081-exec-8] INFO  com.coolwe.start.controller.MainController - /showDatabases
2020-03-17 13:27:07.580 [http-nio-8081-exec-2] INFO  com.coolwe.start.controller.MainController - /showDatabases
2020-03-17 13:27:21.791 [http-nio-8081-exec-3] INFO  com.coolwe.start.controller.MainController - /showDatabases
2020-03-17 13:28:00.650 [http-nio-8081-exec-4] INFO  com.coolwe.start.controller.MainController - /showDatabases
2020-03-17 13:28:14.801 [http-nio-8081-exec-5] INFO  com.coolwe.start.controller.MainController - /showDatabases
2020-03-17 13:28:42.163 [http-nio-8081-exec-6] INFO  com.coolwe.start.controller.MainController - /showDatabases
2020-03-17 13:29:13.680 [http-nio-8081-exec-7] INFO  com.coolwe.start.controller.MainController - /showDatabases
2020-03-17 13:29:24.300 [http-nio-8081-exec-9] INFO  com.coolwe.start.controller.MainController - /showDatabases
2020-03-17 13:29:40.261 [http-nio-8081-exec-1] INFO  com.coolwe.start.controller.MainController - /showDatabases
2020-03-17 13:30:05.614 [http-nio-8081-exec-8] INFO  com.coolwe.start.controller.MainController - /showDatabases
2020-03-17 13:30:28.544 [http-nio-8081-exec-10] INFO  com.coolwe.start.controller.MainController - /showDatabases
2020-03-17 13:31:14.488 [http-nio-8081-exec-2] INFO  com.coolwe.start.controller.MainController - /showDatabases
2020-03-17 13:31:32.856 [http-nio-8081-exec-3] INFO  com.coolwe.start.controller.MainController - /showDatabases
2020-03-17 13:32:49.737 [http-nio-8081-exec-5] INFO  com.coolwe.start.controller.MainController - /showDatabases
2020-03-17 13:33:03.669 [http-nio-8081-exec-6] INFO  com.coolwe.start.controller.MainController - /showDatabases
2020-03-17 13:33:15.967 [http-nio-8081-exec-7] INFO  com.coolwe.start.controller.MainController - /showDatabases
2020-03-17 13:33:39.027 [http-nio-8081-exec-9] INFO  com.coolwe.start.controller.MainController - /showDatabases
2020-03-17 13:33:56.213 [http-nio-8081-exec-1] INFO  com.coolwe.start.controller.MainController - /showDatabases
2020-03-17 13:34:04.790 [http-nio-8081-exec-8] INFO  com.coolwe.start.controller.MainController - /showDatabases
2020-03-17 13:34:23.124 [http-nio-8081-exec-10] INFO  com.coolwe.start.controller.MainController - /showDatabases
2020-03-17 13:34:29.536 [http-nio-8081-exec-2] INFO  com.coolwe.start.controller.MainController - /showDatabases
2020-03-17 13:34:36.033 [http-nio-8081-exec-3] INFO  com.coolwe.start.controller.MainController - /showDatabases
2020-03-17 13:36:12.494 [http-nio-8081-exec-5] INFO  com.coolwe.start.controller.MainController - /showDatabases
2020-03-17 13:37:05.519 [http-nio-8081-exec-6] INFO  com.coolwe.start.controller.MainController - /showDatabases
2020-03-17 13:38:16.992 [http-nio-8081-exec-9] INFO  com.coolwe.start.controller.MainController - /showDatabases
2020-03-17 13:38:19.181 [http-nio-8081-exec-1] INFO  com.coolwe.start.controller.MainController - /showDatabases
2020-03-17 13:38:53.441 [http-nio-8081-exec-8] INFO  com.coolwe.start.controller.MainController - /showDatabases
2020-03-17 13:39:40.131 [http-nio-8081-exec-10] INFO  com.coolwe.start.controller.MainController - /showDatabases
2020-03-17 13:40:18.923 [http-nio-8081-exec-2] INFO  com.coolwe.start.controller.MainController - /showDatabases
2020-03-17 13:42:44.550 [http-nio-8081-exec-4] INFO  com.coolwe.start.controller.MainController - /showDatabases
2020-03-17 13:43:02.410 [http-nio-8081-exec-5] INFO  com.coolwe.start.controller.MainController - /showDatabases
2020-03-17 13:43:13.444 [http-nio-8081-exec-6] INFO  com.coolwe.start.controller.MainController - /showDatabases
2020-03-17 13:43:28.934 [http-nio-8081-exec-7] INFO  com.coolwe.start.controller.MainController - /showDatabases
2020-03-17 13:43:46.603 [http-nio-8081-exec-9] INFO  com.coolwe.start.controller.MainController - /showDatabases
2020-03-17 13:44:05.350 [http-nio-8081-exec-1] INFO  com.coolwe.start.controller.MainController - /showDatabases
2020-03-17 13:44:22.423 [http-nio-8081-exec-8] INFO  com.coolwe.start.controller.MainController - /showDatabases
2020-03-17 13:44:39.550 [http-nio-8081-exec-10] INFO  com.coolwe.start.controller.MainController - /showDatabases
2020-03-17 13:46:45.205 [http-nio-8081-exec-3] INFO  com.coolwe.start.controller.MainController - /showDatabases
2020-03-17 13:47:30.786 [http-nio-8081-exec-4] INFO  com.coolwe.start.controller.MainController - /showDatabases
2020-03-17 13:47:54.721 [http-nio-8081-exec-5] INFO  com.coolwe.start.controller.MainController - /showDatabases
2020-03-17 13:47:55.646 [http-nio-8081-exec-6] INFO  com.coolwe.start.controller.MainController - /showDatabases
2020-03-17 13:48:11.228 [http-nio-8081-exec-7] INFO  com.coolwe.start.controller.MainController - /showDatabases
2020-03-17 13:48:37.893 [http-nio-8081-exec-9] INFO  com.coolwe.start.controller.MainController - /showDatabases
2020-03-17 13:48:46.096 [http-nio-8081-exec-1] INFO  com.coolwe.start.controller.MainController - /showDatabases
2020-03-17 13:48:56.513 [http-nio-8081-exec-8] INFO  com.coolwe.start.controller.MainController - /showDatabases
2020-03-17 13:49:36.104 [http-nio-8081-exec-10] INFO  com.coolwe.start.controller.MainController - /showDatabases
2020-03-17 13:50:17.671 [http-nio-8081-exec-2] INFO  com.coolwe.start.controller.MainController - /showDatabases
2020-03-17 13:50:58.597 [http-nio-8081-exec-3] INFO  com.coolwe.start.controller.MainController - /showDatabases
2020-03-17 13:51:53.100 [http-nio-8081-exec-4] INFO  com.coolwe.start.controller.MainController - /showDatabases
2020-03-17 13:52:44.079 [http-nio-8081-exec-5] INFO  com.coolwe.start.controller.MainController - /showDatabases
2020-03-17 13:53:03.047 [http-nio-8081-exec-6] INFO  com.coolwe.start.controller.MainController - /showDatabases
2020-03-17 13:53:14.594 [http-nio-8081-exec-7] INFO  com.coolwe.start.controller.MainController - /showDatabases
2020-03-17 13:53:50.884 [http-nio-8081-exec-9] INFO  com.coolwe.start.controller.MainController - /showDatabases
2020-03-17 13:54:33.029 [http-nio-8081-exec-1] INFO  com.coolwe.start.controller.MainController - /showDatabases
2020-03-17 13:55:12.027 [http-nio-8081-exec-8] INFO  com.coolwe.start.controller.MainController - /showDatabases
2020-03-17 13:55:44.646 [http-nio-8081-exec-10] INFO  com.coolwe.start.controller.MainController - /showDatabases
2020-03-17 13:56:33.878 [http-nio-8081-exec-2] INFO  com.coolwe.start.controller.MainController - /showDatabases
2020-03-17 13:56:53.789 [http-nio-8081-exec-3] INFO  com.coolwe.start.controller.MainController - /showDatabases
2020-03-17 13:57:08.536 [http-nio-8081-exec-4] INFO  com.coolwe.start.controller.MainController - /showDatabases
2020-03-17 13:57:41.538 [http-nio-8081-exec-5] INFO  com.coolwe.start.controller.MainController - /showDatabases
2020-03-17 13:58:28.737 [http-nio-8081-exec-6] INFO  com.coolwe.start.controller.MainController - /showDatabases
2020-03-17 14:00:22.048 [http-nio-8081-exec-9] INFO  com.coolwe.start.controller.MainController - /showDatabases
2020-03-17 14:01:39.773 [http-nio-8081-exec-8] INFO  com.coolwe.start.controller.MainController - /showDatabases
2020-03-17 14:02:41.937 [http-nio-8081-exec-2] INFO  com.coolwe.start.controller.MainController - /showDatabases
2020-03-17 14:02:44.313 [http-nio-8081-exec-3] INFO  com.coolwe.start.controller.MainController - /showDatabases
2020-03-17 14:03:12.269 [http-nio-8081-exec-4] INFO  com.coolwe.start.controller.MainController - /showDatabases
2020-03-17 14:03:25.601 [http-nio-8081-exec-5] INFO  com.coolwe.start.controller.MainController - /showDatabases
2020-03-17 14:04:08.000 [http-nio-8081-exec-6] INFO  com.coolwe.start.controller.MainController - /showDatabases
2020-03-17 14:04:21.822 [http-nio-8081-exec-7] INFO  com.coolwe.start.controller.MainController - /showDatabases
2020-03-17 14:05:19.454 [http-nio-8081-exec-9] INFO  com.coolwe.start.controller.MainController - /showDatabases
2020-03-17 14:05:37.751 [http-nio-8081-exec-1] INFO  com.coolwe.start.controller.MainController - /showDatabases
2020-03-17 14:08:42.442 [http-nio-8081-exec-10] INFO  com.coolwe.start.controller.MainController - /showDatabases
2020-03-17 14:09:18.579 [http-nio-8081-exec-2] INFO  com.coolwe.start.controller.MainController - /showDatabases
2020-03-17 14:09:48.442 [http-nio-8081-exec-3] INFO  com.coolwe.start.controller.MainController - /showDatabases
2020-03-17 14:11:19.164 [http-nio-8081-exec-5] INFO  com.coolwe.start.controller.MainController - /showDatabases
2020-03-17 14:11:29.340 [http-nio-8081-exec-6] INFO  com.coolwe.start.controller.MainController - /showDatabases
2020-03-17 14:12:13.619 [http-nio-8081-exec-7] INFO  com.coolwe.start.controller.MainController - /showDatabases
2020-03-17 14:12:32.926 [http-nio-8081-exec-9] INFO  com.coolwe.start.controller.MainController - /showDatabases
2020-03-17 14:13:00.725 [http-nio-8081-exec-1] INFO  com.coolwe.start.controller.MainController - /showDatabases
2020-03-17 14:13:17.947 [http-nio-8081-exec-8] INFO  com.coolwe.start.controller.MainController - /showDatabases
2020-03-17 14:13:27.569 [http-nio-8081-exec-10] INFO  com.coolwe.start.controller.MainController - /showDatabases
2020-03-17 14:13:43.701 [http-nio-8081-exec-2] INFO  com.coolwe.start.controller.MainController - /showDatabases
2020-03-17 14:13:57.640 [http-nio-8081-exec-3] INFO  com.coolwe.start.controller.MainController - /showDatabases
2020-03-17 14:14:25.287 [http-nio-8081-exec-4] INFO  com.coolwe.start.controller.MainController - /showDatabases
2020-03-17 14:14:39.733 [http-nio-8081-exec-5] INFO  com.coolwe.start.controller.MainController - /showDatabases
2020-03-17 14:15:02.587 [http-nio-8081-exec-6] INFO  com.coolwe.start.controller.MainController - /showDatabases
2020-03-17 14:15:22.160 [http-nio-8081-exec-7] INFO  com.coolwe.start.controller.MainController - /showDatabases
2020-03-17 14:15:30.668 [http-nio-8081-exec-9] INFO  com.coolwe.start.controller.MainController - /showDatabases
2020-03-17 14:15:58.983 [http-nio-8081-exec-1] INFO  com.coolwe.start.controller.MainController - /showDatabases
2020-03-17 14:16:21.678 [http-nio-8081-exec-8] INFO  com.coolwe.start.controller.MainController - /showDatabases
2020-03-17 14:17:44.644 [http-nio-8081-exec-2] INFO  com.coolwe.start.controller.MainController - /showDatabases
2020-03-17 14:18:55.213 [http-nio-8081-exec-4] INFO  com.coolwe.start.controller.MainController - /showDatabases
2020-03-17 14:19:44.338 [http-nio-8081-exec-5] INFO  com.coolwe.start.controller.MainController - /showDatabases
2020-03-17 14:20:28.435 [http-nio-8081-exec-6] INFO  com.coolwe.start.controller.MainController - /showDatabases
2020-03-17 14:21:12.977 [http-nio-8081-exec-7] INFO  com.coolwe.start.controller.MainController - /showDatabases
2020-03-17 14:21:23.809 [http-nio-8081-exec-9] INFO  com.coolwe.start.controller.MainController - /showDatabases
2020-03-17 14:21:40.723 [http-nio-8081-exec-1] INFO  com.coolwe.start.controller.MainController - /showDatabases
2020-03-17 14:21:53.669 [http-nio-8081-exec-8] INFO  com.coolwe.start.controller.MainController - /showDatabases
2020-03-17 14:22:10.871 [http-nio-8081-exec-10] INFO  com.coolwe.start.controller.MainController - /showDatabases
2020-03-17 14:30:04.055 [http-nio-8081-exec-3] INFO  com.coolwe.start.controller.MainController - /showDatabases
2020-03-17 14:30:55.865 [http-nio-8081-exec-4] INFO  com.coolwe.start.controller.MainController - /showDatabases
2020-03-17 14:32:12.197 [http-nio-8081-exec-7] INFO  com.coolwe.start.controller.MainController - /showDatabases
2020-03-17 14:32:32.833 [http-nio-8081-exec-1] INFO  com.coolwe.start.controller.MainController - /showDatabases
2020-03-17 14:33:53.426 [http-nio-8081-exec-2] INFO  com.coolwe.start.controller.MainController - /showDatabases
2020-03-17 14:34:43.488 [http-nio-8081-exec-4] INFO  com.coolwe.start.controller.MainController - /showDatabases
2020-03-17 14:40:38.545 [http-nio-8081-exec-7] INFO  com.coolwe.start.controller.MainController - /showDatabases
2020-03-17 14:41:44.346 [http-nio-8081-exec-8] INFO  com.coolwe.start.controller.MainController - /showDatabases
2020-03-17 14:43:02.823 [http-nio-8081-exec-2] INFO  com.coolwe.start.controller.MainController - /showDatabases
2020-03-17 14:43:49.875 [http-nio-8081-exec-4] INFO  com.coolwe.start.controller.MainController - /showDatabases
2020-03-17 14:43:55.024 [http-nio-8081-exec-6] INFO  com.coolwe.start.controller.MainController - /showDatabases
2020-03-17 14:45:13.202 [http-nio-8081-exec-1] INFO  com.coolwe.start.controller.MainController - /showDatabases
2020-03-17 14:46:04.040 [http-nio-8081-exec-10] INFO  com.coolwe.start.controller.MainController - /showDatabases
2020-03-17 14:47:20.562 [http-nio-8081-exec-4] INFO  com.coolwe.start.controller.MainController - /showDatabases
2020-03-17 14:47:53.350 [http-nio-8081-exec-6] INFO  com.coolwe.start.controller.MainController - /showDatabases
2020-03-17 14:48:14.087 [http-nio-8081-exec-1] INFO  com.coolwe.start.controller.MainController - /showDatabases
2020-03-17 14:48:57.056 [http-nio-8081-exec-10] INFO  com.coolwe.start.controller.MainController - /showDatabases
2020-03-17 14:49:49.659 [http-nio-8081-exec-4] INFO  com.coolwe.start.controller.MainController - /showDatabases
2020-03-17 14:51:08.057 [http-nio-8081-exec-7] INFO  com.coolwe.start.controller.MainController - /showDatabases
2020-03-17 14:52:41.620 [http-nio-8081-exec-8] INFO  com.coolwe.start.controller.MainController - /showDatabases
2020-03-17 14:53:15.405 [http-nio-8081-exec-2] INFO  com.coolwe.start.controller.MainController - /showDatabases
2020-03-17 14:53:18.466 [http-nio-8081-exec-3] INFO  com.coolwe.start.controller.MainController - /showDatabases
2020-03-17 14:53:54.078 [http-nio-8081-exec-5] INFO  com.coolwe.start.controller.MainController - /showDatabases
2020-03-17 14:54:36.108 [http-nio-8081-exec-7] INFO  com.coolwe.start.controller.MainController - /showDatabases
2020-03-17 14:54:41.020 [http-nio-8081-exec-1] INFO  com.coolwe.start.controller.MainController - /showDatabases
2020-03-17 14:54:43.387 [http-nio-8081-exec-8] INFO  com.coolwe.start.controller.MainController - /showDatabases
2020-03-17 14:55:04.953 [http-nio-8081-exec-10] INFO  com.coolwe.start.controller.MainController - /showDatabases
2020-03-17 14:55:33.741 [main] INFO  com.coolwe.start.StartApplication - Starting StartApplication on DESKTOP-08VGM8P with PID 8144 (D:\struggle\start\target\classes started by 19399 in D:\struggle\start)
2020-03-17 14:55:33.741 [main] DEBUG com.coolwe.start.StartApplication - Running with Spring Boot v2.1.3.RELEASE, Spring v5.1.5.RELEASE
2020-03-17 14:55:33.755 [main] INFO  com.coolwe.start.StartApplication - No active profile set, falling back to default profiles: default
2020-03-17 14:55:34.484 [main] DEBUG org.mybatis.spring.boot.autoconfigure.MybatisAutoConfiguration - Searching for mappers annotated with @Mapper
2020-03-17 14:55:34.488 [main] DEBUG org.mybatis.spring.boot.autoconfigure.MybatisAutoConfiguration - Using auto-configuration base package 'com.coolwe.start'
2020-03-17 14:55:34.493 [main] DEBUG org.apache.ibatis.logging.LogFactory - Logging initialized using 'class org.apache.ibatis.logging.slf4j.Slf4jImpl' adapter.
2020-03-17 14:55:34.501 [main] DEBUG org.mybatis.spring.mapper.ClassPathMapperScanner - Identified candidate component class: file [D:\struggle\start\target\classes\com\coolwe\start\dao\MainDao.class]
2020-03-17 14:55:34.501 [main] DEBUG org.mybatis.spring.mapper.ClassPathMapperScanner - Creating MapperFactoryBean with name 'mainDao' and 'com.coolwe.start.dao.MainDao' mapperInterface
2020-03-17 14:55:34.501 [main] DEBUG org.mybatis.spring.mapper.ClassPathMapperScanner - Enabling autowire by type for MapperFactoryBean with name 'mainDao'.
2020-03-17 14:55:35.822 [main] INFO  org.apache.coyote.http11.Http11NioProtocol - Initializing ProtocolHandler ["http-nio-8081"]
2020-03-17 14:55:35.832 [main] INFO  org.apache.catalina.core.StandardService - Starting service [Tomcat]
2020-03-17 14:55:35.848 [main] INFO  org.apache.catalina.core.StandardEngine - Starting Servlet engine: [Apache Tomcat/9.0.16]
2020-03-17 14:55:35.868 [main] INFO  org.apache.catalina.core.AprLifecycleListener - The APR based Apache Tomcat Native library which allows optimal performance in production environments was not found on the java.library.path: [F:\soft\Java\jdk1.8.0_202\bin;C:\WINDOWS\Sun\Java\bin;C:\WINDOWS\system32;C:\WINDOWS;C:\WINDOWS\system32;C:\WINDOWS;C:\WINDOWS\System32\Wbem;C:\WINDOWS\System32\WindowsPowerShell\v1.0\;C:\WINDOWS\System32\OpenSSH\;F:\soft\Java\jdk1.8.0_202\bin;D:\soft\sqlite3;D:\soft\nodejs;D:\soft\Git\cmd;D:\soft\nodejs\node_global;D:\soft\nodejs\node_cache;C:\Program Files\MySQL\MySQL Shell 8.0\bin\;C:\Users\19399\AppData\Local\Microsoft\WindowsApps;D:\soft\bandizip\;D:\soft\Microsoft VS Code\bin;.]
2020-03-17 14:55:35.972 [main] INFO  org.apache.catalina.core.ContainerBase.[Tomcat].[localhost].[/] - Initializing Spring embedded WebApplicationContext
2020-03-17 14:55:36.092 [main] DEBUG com.zaxxer.hikari.HikariConfig - Driver class com.mysql.cj.jdbc.Driver found in Thread context class loader sun.misc.Launcher$AppClassLoader@18b4aac2
2020-03-17 14:55:36.208 [main] DEBUG org.apache.ibatis.io.VFS - Using VFS adapter org.mybatis.spring.boot.autoconfigure.SpringBootVFS
2020-03-17 14:55:36.222 [main] DEBUG org.mybatis.spring.SqlSessionFactoryBean - Scanned package: 'com.coolwe.domain' for aliases
2020-03-17 14:55:36.230 [main] DEBUG org.mybatis.spring.SqlSessionFactoryBean - Property 'mapperLocations' was not specified or no matching resources found
2020-03-17 14:55:36.638 [main] DEBUG org.mybatis.spring.boot.autoconfigure.MybatisAutoConfiguration - No org.mybatis.spring.mapper.MapperFactoryBean found.
2020-03-17 14:55:36.788 [main] INFO  org.apache.coyote.http11.Http11NioProtocol - Starting ProtocolHandler ["http-nio-8081"]
2020-03-17 14:55:36.851 [main] INFO  com.coolwe.start.StartApplication - Started StartApplication in 3.45 seconds (JVM running for 4.133)
2020-03-17 14:57:01.218 [http-nio-8081-exec-1] INFO  org.apache.catalina.core.ContainerBase.[Tomcat].[localhost].[/] - Initializing Spring DispatcherServlet 'dispatcherServlet'
2020-03-17 14:57:01.314 [http-nio-8081-exec-1] INFO  com.coolwe.start.controller.MainController - /showDatabases
2020-03-17 14:57:58.177 [http-nio-8081-exec-3] INFO  com.coolwe.start.controller.MainController - /showDatabases
2020-03-17 14:59:16.785 [http-nio-8081-exec-7] INFO  com.coolwe.start.controller.MainController - /showDatabases
2020-03-17 14:59:40.881 [http-nio-8081-exec-9] INFO  com.coolwe.start.controller.MainController - /showDatabases
2020-03-17 15:00:02.029 [http-nio-8081-exec-2] INFO  com.coolwe.start.controller.MainController - /showDatabases
2020-03-17 15:00:29.408 [http-nio-8081-exec-4] INFO  com.coolwe.start.controller.MainController - /showDatabases
2020-03-17 15:00:33.073 [http-nio-8081-exec-3] INFO  com.coolwe.start.controller.MainController - /showDatabases
2020-03-17 15:01:00.591 [main] INFO  com.coolwe.start.StartApplication - Starting StartApplication on DESKTOP-08VGM8P with PID 19148 (D:\struggle\start\target\classes started by 19399 in D:\struggle\start)
2020-03-17 15:01:00.591 [main] DEBUG com.coolwe.start.StartApplication - Running with Spring Boot v2.1.3.RELEASE, Spring v5.1.5.RELEASE
2020-03-17 15:01:00.597 [main] INFO  com.coolwe.start.StartApplication - No active profile set, falling back to default profiles: default
2020-03-17 15:01:01.325 [main] DEBUG org.mybatis.spring.boot.autoconfigure.MybatisAutoConfiguration - Searching for mappers annotated with @Mapper
2020-03-17 15:01:01.329 [main] DEBUG org.mybatis.spring.boot.autoconfigure.MybatisAutoConfiguration - Using auto-configuration base package 'com.coolwe.start'
2020-03-17 15:01:01.337 [main] DEBUG org.apache.ibatis.logging.LogFactory - Logging initialized using 'class org.apache.ibatis.logging.slf4j.Slf4jImpl' adapter.
2020-03-17 15:01:01.345 [main] DEBUG org.mybatis.spring.mapper.ClassPathMapperScanner - Identified candidate component class: file [D:\struggle\start\target\classes\com\coolwe\start\dao\MainDao.class]
2020-03-17 15:01:01.349 [main] DEBUG org.mybatis.spring.mapper.ClassPathMapperScanner - Creating MapperFactoryBean with name 'mainDao' and 'com.coolwe.start.dao.MainDao' mapperInterface
2020-03-17 15:01:01.353 [main] DEBUG org.mybatis.spring.mapper.ClassPathMapperScanner - Enabling autowire by type for MapperFactoryBean with name 'mainDao'.
2020-03-17 15:01:02.654 [main] INFO  org.apache.coyote.http11.Http11NioProtocol - Initializing ProtocolHandler ["http-nio-8081"]
2020-03-17 15:01:02.670 [main] INFO  org.apache.catalina.core.StandardService - Starting service [Tomcat]
2020-03-17 15:01:02.681 [main] INFO  org.apache.catalina.core.StandardEngine - Starting Servlet engine: [Apache Tomcat/9.0.16]
2020-03-17 15:01:02.697 [main] INFO  org.apache.catalina.core.AprLifecycleListener - The APR based Apache Tomcat Native library which allows optimal performance in production environments was not found on the java.library.path: [F:\soft\Java\jdk1.8.0_202\bin;C:\WINDOWS\Sun\Java\bin;C:\WINDOWS\system32;C:\WINDOWS;C:\WINDOWS\system32;C:\WINDOWS;C:\WINDOWS\System32\Wbem;C:\WINDOWS\System32\WindowsPowerShell\v1.0\;C:\WINDOWS\System32\OpenSSH\;F:\soft\Java\jdk1.8.0_202\bin;D:\soft\sqlite3;D:\soft\nodejs;D:\soft\Git\cmd;D:\soft\nodejs\node_global;D:\soft\nodejs\node_cache;C:\Program Files\MySQL\MySQL Shell 8.0\bin\;C:\Users\19399\AppData\Local\Microsoft\WindowsApps;D:\soft\bandizip\;D:\soft\Microsoft VS Code\bin;.]
2020-03-17 15:01:02.844 [main] INFO  org.apache.catalina.core.ContainerBase.[Tomcat].[localhost].[/] - Initializing Spring embedded WebApplicationContext
2020-03-17 15:01:03.003 [main] DEBUG com.zaxxer.hikari.HikariConfig - Driver class com.mysql.cj.jdbc.Driver found in Thread context class loader sun.misc.Launcher$AppClassLoader@18b4aac2
2020-03-17 15:01:03.116 [main] DEBUG org.apache.ibatis.io.VFS - Using VFS adapter org.mybatis.spring.boot.autoconfigure.SpringBootVFS
2020-03-17 15:01:03.124 [main] DEBUG org.mybatis.spring.SqlSessionFactoryBean - Scanned package: 'com.coolwe.domain' for aliases
2020-03-17 15:01:03.132 [main] DEBUG org.mybatis.spring.SqlSessionFactoryBean - Property 'mapperLocations' was not specified or no matching resources found
2020-03-17 15:01:03.674 [main] DEBUG org.mybatis.spring.boot.autoconfigure.MybatisAutoConfiguration - No org.mybatis.spring.mapper.MapperFactoryBean found.
2020-03-17 15:01:03.865 [main] INFO  org.apache.coyote.http11.Http11NioProtocol - Starting ProtocolHandler ["http-nio-8081"]
2020-03-17 15:01:03.927 [main] INFO  com.coolwe.start.StartApplication - Started StartApplication in 3.697 seconds (JVM running for 4.348)
2020-03-17 15:01:15.634 [http-nio-8081-exec-1] INFO  org.apache.catalina.core.ContainerBase.[Tomcat].[localhost].[/] - Initializing Spring DispatcherServlet 'dispatcherServlet'
2020-03-17 15:01:15.737 [http-nio-8081-exec-1] INFO  com.coolwe.start.controller.MainController - /showDatabases
2020-03-17 15:01:36.024 [http-nio-8081-exec-4] INFO  com.coolwe.start.controller.MainController - /showDatabases
2020-03-17 15:02:35.239 [http-nio-8081-exec-6] INFO  com.coolwe.start.controller.MainController - /showDatabases
2020-03-17 15:03:05.706 [http-nio-8081-exec-8] INFO  com.coolwe.start.controller.MainController - /showDatabases
2020-03-17 15:03:52.733 [http-nio-8081-exec-10] INFO  com.coolwe.start.controller.MainController - /showDatabases
2020-03-17 15:04:27.346 [http-nio-8081-exec-1] INFO  com.coolwe.start.controller.MainController - /showDatabases
2020-03-17 15:05:40.630 [http-nio-8081-exec-5] INFO  com.coolwe.start.controller.MainController - /showDatabases
2020-03-17 15:05:51.398 [http-nio-8081-exec-7] INFO  com.coolwe.start.controller.MainController - /showDatabases
2020-03-17 15:05:58.906 [http-nio-8081-exec-9] INFO  com.coolwe.start.controller.MainController - /showDatabases
2020-03-17 15:13:18.549 [main] INFO  com.coolwe.start.StartApplication - Starting StartApplication on DESKTOP-08VGM8P with PID 26440 (D:\struggle\start\target\classes started by 19399 in D:\struggle\start)
2020-03-17 15:13:18.549 [main] DEBUG com.coolwe.start.StartApplication - Running with Spring Boot v2.1.3.RELEASE, Spring v5.1.5.RELEASE
2020-03-17 15:13:18.554 [main] INFO  com.coolwe.start.StartApplication - No active profile set, falling back to default profiles: default
2020-03-17 15:13:19.316 [main] DEBUG org.mybatis.spring.boot.autoconfigure.MybatisAutoConfiguration - Searching for mappers annotated with @Mapper
2020-03-17 15:13:19.316 [main] DEBUG org.mybatis.spring.boot.autoconfigure.MybatisAutoConfiguration - Using auto-configuration base package 'com.coolwe.start'
2020-03-17 15:13:19.324 [main] DEBUG org.apache.ibatis.logging.LogFactory - Logging initialized using 'class org.apache.ibatis.logging.slf4j.Slf4jImpl' adapter.
2020-03-17 15:13:19.332 [main] DEBUG org.mybatis.spring.mapper.ClassPathMapperScanner - Identified candidate component class: file [D:\struggle\start\target\classes\com\coolwe\start\dao\MainDao.class]
2020-03-17 15:13:19.336 [main] DEBUG org.mybatis.spring.mapper.ClassPathMapperScanner - Creating MapperFactoryBean with name 'mainDao' and 'com.coolwe.start.dao.MainDao' mapperInterface
2020-03-17 15:13:19.340 [main] DEBUG org.mybatis.spring.mapper.ClassPathMapperScanner - Enabling autowire by type for MapperFactoryBean with name 'mainDao'.
2020-03-17 15:13:20.469 [main] INFO  org.apache.coyote.http11.Http11NioProtocol - Initializing ProtocolHandler ["http-nio-8081"]
2020-03-17 15:13:20.503 [main] INFO  org.apache.catalina.core.StandardService - Starting service [Tomcat]
2020-03-17 15:13:20.507 [main] INFO  org.apache.catalina.core.StandardEngine - Starting Servlet engine: [Apache Tomcat/9.0.16]
2020-03-17 15:13:20.519 [main] INFO  org.apache.catalina.core.AprLifecycleListener - The APR based Apache Tomcat Native library which allows optimal performance in production environments was not found on the java.library.path: [F:\soft\Java\jdk1.8.0_202\bin;C:\WINDOWS\Sun\Java\bin;C:\WINDOWS\system32;C:\WINDOWS;C:\WINDOWS\system32;C:\WINDOWS;C:\WINDOWS\System32\Wbem;C:\WINDOWS\System32\WindowsPowerShell\v1.0\;C:\WINDOWS\System32\OpenSSH\;F:\soft\Java\jdk1.8.0_202\bin;D:\soft\sqlite3;D:\soft\nodejs;D:\soft\Git\cmd;D:\soft\nodejs\node_global;D:\soft\nodejs\node_cache;C:\Program Files\MySQL\MySQL Shell 8.0\bin\;C:\Users\19399\AppData\Local\Microsoft\WindowsApps;D:\soft\bandizip\;D:\soft\Microsoft VS Code\bin;.]
2020-03-17 15:13:20.699 [main] INFO  org.apache.catalina.core.ContainerBase.[Tomcat].[localhost].[/] - Initializing Spring embedded WebApplicationContext
2020-03-17 15:13:20.831 [main] DEBUG com.zaxxer.hikari.HikariConfig - Driver class com.mysql.cj.jdbc.Driver found in Thread context class loader sun.misc.Launcher$AppClassLoader@18b4aac2
2020-03-17 15:13:20.945 [main] DEBUG org.apache.ibatis.io.VFS - Using VFS adapter org.mybatis.spring.boot.autoconfigure.SpringBootVFS
2020-03-17 15:13:20.945 [main] DEBUG org.mybatis.spring.SqlSessionFactoryBean - Scanned package: 'com.coolwe.domain' for aliases
2020-03-17 15:13:20.945 [main] DEBUG org.mybatis.spring.SqlSessionFactoryBean - Property 'mapperLocations' was not specified or no matching resources found
2020-03-17 15:13:21.379 [main] DEBUG org.mybatis.spring.boot.autoconfigure.MybatisAutoConfiguration - No org.mybatis.spring.mapper.MapperFactoryBean found.
2020-03-17 15:13:21.542 [main] INFO  org.apache.coyote.http11.Http11NioProtocol - Starting ProtocolHandler ["http-nio-8081"]
2020-03-17 15:13:21.597 [main] INFO  com.coolwe.start.StartApplication - Started StartApplication in 3.399 seconds (JVM running for 4.467)
2020-03-17 15:24:47.812 [http-nio-8081-exec-1] INFO  org.apache.catalina.core.ContainerBase.[Tomcat].[localhost].[/] - Initializing Spring DispatcherServlet 'dispatcherServlet'
2020-03-17 15:24:47.924 [http-nio-8081-exec-1] INFO  com.coolwe.start.controller.MainController - /showDatabases
2020-03-17 15:25:00.814 [http-nio-8081-exec-3] INFO  com.coolwe.start.controller.MainController - /showDatabases
2020-03-17 15:26:49.614 [http-nio-8081-exec-6] INFO  com.coolwe.start.controller.MainController - /showDatabases
2020-03-17 15:27:15.719 [http-nio-8081-exec-9] INFO  com.coolwe.start.controller.MainController - /showDatabases
2020-03-17 15:36:21.719 [http-nio-8081-exec-1] INFO  com.coolwe.start.controller.MainController - /showDatabases
2020-03-17 15:37:39.571 [http-nio-8081-exec-6] INFO  com.coolwe.start.controller.MainController - /showDatabases
2020-03-17 15:38:17.505 [http-nio-8081-exec-9] INFO  com.coolwe.start.controller.MainController - /showDatabases
2020-03-17 15:40:03.975 [http-nio-8081-exec-2] INFO  com.coolwe.start.controller.MainController - /showDatabases
2020-03-17 15:41:23.867 [http-nio-8081-exec-7] INFO  com.coolwe.start.controller.MainController - /showDatabases
2020-03-17 15:43:14.329 [http-nio-8081-exec-8] INFO  com.coolwe.start.controller.MainController - /showDatabases
2020-03-17 15:43:48.028 [http-nio-8081-exec-3] INFO  com.coolwe.start.controller.MainController - /showDatabases
2020-03-17 15:45:04.704 [http-nio-8081-exec-5] INFO  com.coolwe.start.controller.MainController - /showDatabases
2020-03-17 15:45:57.536 [http-nio-8081-exec-8] INFO  com.coolwe.start.controller.MainController - /showDatabases
2020-03-17 15:49:16.062 [http-nio-8081-exec-4] INFO  com.coolwe.start.controller.MainController - /showDatabases
2020-03-17 15:49:19.422 [http-nio-8081-exec-7] ERROR org.apache.catalina.core.ContainerBase.[Tomcat].[localhost].[/].[dispatcherServlet] - Servlet.service() for servlet [dispatcherServlet] in context with path [] threw exception [Request processing failed; nested exception is java.lang.ClassCastException: com.alibaba.fastjson.JSONObject cannot be cast to java.lang.String] with root cause
java.lang.ClassCastException: com.alibaba.fastjson.JSONObject cannot be cast to java.lang.String
	at com.coolwe.start.aspect.QueryAspect.advice(QueryAspect.java:31)
	at sun.reflect.GeneratedMethodAccessor33.invoke(Unknown Source)
	at sun.reflect.DelegatingMethodAccessorImpl.invoke(DelegatingMethodAccessorImpl.java:43)
	at java.lang.reflect.Method.invoke(Method.java:498)
	at org.springframework.aop.aspectj.AbstractAspectJAdvice.invokeAdviceMethodWithGivenArgs(AbstractAspectJAdvice.java:644)
	at org.springframework.aop.aspectj.AbstractAspectJAdvice.invokeAdviceMethod(AbstractAspectJAdvice.java:633)
	at org.springframework.aop.aspectj.AspectJAroundAdvice.invoke(AspectJAroundAdvice.java:70)
	at org.springframework.aop.framework.ReflectiveMethodInvocation.proceed(ReflectiveMethodInvocation.java:175)
	at org.springframework.aop.interceptor.ExposeInvocationInterceptor.invoke(ExposeInvocationInterceptor.java:93)
	at org.springframework.aop.framework.ReflectiveMethodInvocation.proceed(ReflectiveMethodInvocation.java:186)
	at org.springframework.aop.framework.JdkDynamicAopProxy.invoke(JdkDynamicAopProxy.java:212)
	at com.sun.proxy.$Proxy72.showtable(Unknown Source)
	at com.coolwe.start.controller.MainController.showtable(MainController.java:54)
	at sun.reflect.NativeMethodAccessorImpl.invoke0(Native Method)
	at sun.reflect.NativeMethodAccessorImpl.invoke(NativeMethodAccessorImpl.java:62)
	at sun.reflect.DelegatingMethodAccessorImpl.invoke(DelegatingMethodAccessorImpl.java:43)
	at java.lang.reflect.Method.invoke(Method.java:498)
	at org.springframework.web.method.support.InvocableHandlerMethod.doInvoke(InvocableHandlerMethod.java:189)
	at org.springframework.web.method.support.InvocableHandlerMethod.invokeForRequest(InvocableHandlerMethod.java:138)
	at org.springframework.web.servlet.mvc.method.annotation.ServletInvocableHandlerMethod.invokeAndHandle(ServletInvocableHandlerMethod.java:102)
	at org.springframework.web.servlet.mvc.method.annotation.RequestMappingHandlerAdapter.invokeHandlerMethod(RequestMappingHandlerAdapter.java:895)
	at org.springframework.web.servlet.mvc.method.annotation.RequestMappingHandlerAdapter.handleInternal(RequestMappingHandlerAdapter.java:800)
	at org.springframework.web.servlet.mvc.method.AbstractHandlerMethodAdapter.handle(AbstractHandlerMethodAdapter.java:87)
	at org.springframework.web.servlet.DispatcherServlet.doDispatch(DispatcherServlet.java:1038)
	at org.springframework.web.servlet.DispatcherServlet.doService(DispatcherServlet.java:942)
	at org.springframework.web.servlet.FrameworkServlet.processRequest(FrameworkServlet.java:1005)
	at org.springframework.web.servlet.FrameworkServlet.doPost(FrameworkServlet.java:908)
	at javax.servlet.http.HttpServlet.service(HttpServlet.java:660)
	at org.springframework.web.servlet.FrameworkServlet.service(FrameworkServlet.java:882)
	at javax.servlet.http.HttpServlet.service(HttpServlet.java:741)
	at org.apache.catalina.core.ApplicationFilterChain.internalDoFilter(ApplicationFilterChain.java:231)
	at org.apache.catalina.core.ApplicationFilterChain.doFilter(ApplicationFilterChain.java:166)
	at org.apache.tomcat.websocket.server.WsFilter.doFilter(WsFilter.java:53)
	at org.apache.catalina.core.ApplicationFilterChain.internalDoFilter(ApplicationFilterChain.java:193)
	at org.apache.catalina.core.ApplicationFilterChain.doFilter(ApplicationFilterChain.java:166)
	at com.coolwe.start.filter.MainFilter.doFilter(MainFilter.java:34)
	at org.apache.catalina.core.ApplicationFilterChain.internalDoFilter(ApplicationFilterChain.java:193)
	at org.apache.catalina.core.ApplicationFilterChain.doFilter(ApplicationFilterChain.java:166)
	at org.springframework.web.filter.RequestContextFilter.doFilterInternal(RequestContextFilter.java:99)
	at org.springframework.web.filter.OncePerRequestFilter.doFilter(OncePerRequestFilter.java:107)
	at org.apache.catalina.core.ApplicationFilterChain.internalDoFilter(ApplicationFilterChain.java:193)
	at org.apache.catalina.core.ApplicationFilterChain.doFilter(ApplicationFilterChain.java:166)
	at org.springframework.web.filter.FormContentFilter.doFilterInternal(FormContentFilter.java:92)
	at org.springframework.web.filter.OncePerRequestFilter.doFilter(OncePerRequestFilter.java:107)
	at org.apache.catalina.core.ApplicationFilterChain.internalDoFilter(ApplicationFilterChain.java:193)
	at org.apache.catalina.core.ApplicationFilterChain.doFilter(ApplicationFilterChain.java:166)
	at org.springframework.web.filter.HiddenHttpMethodFilter.doFilterInternal(HiddenHttpMethodFilter.java:93)
	at org.springframework.web.filter.OncePerRequestFilter.doFilter(OncePerRequestFilter.java:107)
	at org.apache.catalina.core.ApplicationFilterChain.internalDoFilter(ApplicationFilterChain.java:193)
	at org.apache.catalina.core.ApplicationFilterChain.doFilter(ApplicationFilterChain.java:166)
	at org.springframework.web.filter.CharacterEncodingFilter.doFilterInternal(CharacterEncodingFilter.java:200)
	at org.springframework.web.filter.OncePerRequestFilter.doFilter(OncePerRequestFilter.java:107)
	at org.apache.catalina.core.ApplicationFilterChain.internalDoFilter(ApplicationFilterChain.java:193)
	at org.apache.catalina.core.ApplicationFilterChain.doFilter(ApplicationFilterChain.java:166)
	at org.apache.catalina.core.StandardWrapperValve.invoke(StandardWrapperValve.java:200)
	at org.apache.catalina.core.StandardContextValve.invoke(StandardContextValve.java:96)
	at org.apache.catalina.authenticator.AuthenticatorBase.invoke(AuthenticatorBase.java:490)
	at org.apache.catalina.core.StandardHostValve.invoke(StandardHostValve.java:139)
	at org.apache.catalina.valves.ErrorReportValve.invoke(ErrorReportValve.java:92)
	at org.apache.catalina.core.StandardEngineValve.invoke(StandardEngineValve.java:74)
	at org.apache.catalina.connector.CoyoteAdapter.service(CoyoteAdapter.java:343)
	at org.apache.coyote.http11.Http11Processor.service(Http11Processor.java:408)
	at org.apache.coyote.AbstractProcessorLight.process(AbstractProcessorLight.java:66)
	at org.apache.coyote.AbstractProtocol$ConnectionHandler.process(AbstractProtocol.java:834)
	at org.apache.tomcat.util.net.NioEndpoint$SocketProcessor.doRun(NioEndpoint.java:1415)
	at org.apache.tomcat.util.net.SocketProcessorBase.run(SocketProcessorBase.java:49)
	at java.util.concurrent.ThreadPoolExecutor.runWorker(ThreadPoolExecutor.java:1149)
	at java.util.concurrent.ThreadPoolExecutor$Worker.run(ThreadPoolExecutor.java:624)
	at org.apache.tomcat.util.threads.TaskThread$WrappingRunnable.run(TaskThread.java:61)
	at java.lang.Thread.run(Thread.java:748)
2020-03-17 15:51:46.111 [http-nio-8081-exec-5] INFO  com.coolwe.start.controller.MainController - /showDatabases
2020-03-17 15:53:46.910 [http-nio-8081-exec-1] INFO  com.coolwe.start.controller.MainController - /showDatabases
2020-03-17 15:54:01.228 [http-nio-8081-exec-4] INFO  com.coolwe.start.controller.MainController - /showDatabases
2020-03-17 15:55:02.832 [http-nio-8081-exec-5] INFO  com.coolwe.start.controller.MainController - /showDatabases
2020-03-17 16:27:35.462 [http-nio-8081-exec-1] INFO  com.coolwe.start.controller.MainController - /showDatabases
2020-03-17 16:28:43.811 [http-nio-8081-exec-6] INFO  com.coolwe.start.controller.MainController - /showDatabases
2020-03-17 16:31:33.316 [http-nio-8081-exec-1] INFO  com.coolwe.start.controller.MainController - /showDatabases
2020-03-17 16:35:24.214 [http-nio-8081-exec-6] INFO  com.coolwe.start.controller.MainController - /showDatabases
2020-03-17 16:35:48.365 [http-nio-8081-exec-9] INFO  com.coolwe.start.controller.MainController - /showDatabases
2020-03-17 16:38:05.720 [http-nio-8081-exec-2] INFO  com.coolwe.start.controller.MainController - /showDatabases
2020-03-17 16:38:53.102 [http-nio-8081-exec-6] INFO  com.coolwe.start.controller.MainController - /showDatabases
2020-03-17 16:42:46.977 [http-nio-8081-exec-10] INFO  com.coolwe.start.controller.MainController - /showDatabases
2020-03-17 16:43:42.343 [http-nio-8081-exec-2] INFO  com.coolwe.start.controller.MainController - /showDatabases
2020-03-17 16:45:49.504 [http-nio-8081-exec-7] INFO  com.coolwe.start.controller.MainController - /showDatabases
2020-03-17 16:47:53.243 [http-nio-8081-exec-8] INFO  com.coolwe.start.controller.MainController - /showDatabases
2020-03-17 16:48:28.868 [http-nio-8081-exec-3] INFO  com.coolwe.start.controller.MainController - /showDatabases
2020-03-17 16:51:33.487 [http-nio-8081-exec-5] INFO  com.coolwe.start.controller.MainController - /showDatabases
2020-03-17 16:52:00.920 [http-nio-8081-exec-3] INFO  com.coolwe.start.controller.MainController - /showDatabases
2020-03-17 16:52:55.328 [http-nio-8081-exec-5] INFO  com.coolwe.start.controller.MainController - /showDatabases
2020-03-17 16:54:37.994 [http-nio-8081-exec-1] INFO  com.coolwe.start.controller.MainController - /showDatabases
2020-03-17 16:58:34.482 [http-nio-8081-exec-10] INFO  com.coolwe.start.controller.MainController - /showDatabases
2020-03-17 17:02:09.255 [http-nio-8081-exec-7] INFO  com.coolwe.start.controller.MainController - /showDatabases
2020-03-17 17:03:07.288 [http-nio-8081-exec-10] INFO  com.coolwe.start.controller.MainController - /showDatabases
2020-03-17 17:03:43.680 [http-nio-8081-exec-2] INFO  com.coolwe.start.controller.MainController - /showDatabases
2020-03-17 17:06:00.249 [http-nio-8081-exec-9] INFO  com.coolwe.start.controller.MainController - /showDatabases
2020-03-17 17:08:53.029 [http-nio-8081-exec-7] INFO  com.coolwe.start.controller.MainController - /showDatabases
2020-03-17 17:26:06.108 [main] INFO  com.coolwe.start.StartApplication - Starting StartApplication on DESKTOP-08VGM8P with PID 31532 (D:\struggle\start\target\classes started by 19399 in D:\struggle\start)
2020-03-17 17:26:06.111 [main] DEBUG com.coolwe.start.StartApplication - Running with Spring Boot v2.1.3.RELEASE, Spring v5.1.5.RELEASE
2020-03-17 17:26:06.112 [main] INFO  com.coolwe.start.StartApplication - No active profile set, falling back to default profiles: default
2020-03-17 17:26:07.136 [main] DEBUG org.mybatis.spring.boot.autoconfigure.MybatisAutoConfiguration - Searching for mappers annotated with @Mapper
2020-03-17 17:26:07.152 [main] DEBUG org.mybatis.spring.boot.autoconfigure.MybatisAutoConfiguration - Using auto-configuration base package 'com.coolwe.start'
2020-03-17 17:26:07.161 [main] DEBUG org.apache.ibatis.logging.LogFactory - Logging initialized using 'class org.apache.ibatis.logging.slf4j.Slf4jImpl' adapter.
2020-03-17 17:26:07.174 [main] DEBUG org.mybatis.spring.mapper.ClassPathMapperScanner - Identified candidate component class: file [D:\struggle\start\target\classes\com\coolwe\start\dao\MainDao.class]
2020-03-17 17:26:07.184 [main] DEBUG org.mybatis.spring.mapper.ClassPathMapperScanner - Creating MapperFactoryBean with name 'mainDao' and 'com.coolwe.start.dao.MainDao' mapperInterface
2020-03-17 17:26:07.187 [main] DEBUG org.mybatis.spring.mapper.ClassPathMapperScanner - Enabling autowire by type for MapperFactoryBean with name 'mainDao'.
2020-03-17 17:26:08.925 [main] INFO  org.apache.coyote.http11.Http11NioProtocol - Initializing ProtocolHandler ["http-nio-8081"]
2020-03-17 17:26:08.946 [main] INFO  org.apache.catalina.core.StandardService - Starting service [Tomcat]
2020-03-17 17:26:08.965 [main] INFO  org.apache.catalina.core.StandardEngine - Starting Servlet engine: [Apache Tomcat/9.0.16]
2020-03-17 17:26:08.993 [main] INFO  org.apache.catalina.core.AprLifecycleListener - The APR based Apache Tomcat Native library which allows optimal performance in production environments was not found on the java.library.path: [F:\soft\Java\jdk1.8.0_202\bin;C:\WINDOWS\Sun\Java\bin;C:\WINDOWS\system32;C:\WINDOWS;C:\WINDOWS\system32;C:\WINDOWS;C:\WINDOWS\System32\Wbem;C:\WINDOWS\System32\WindowsPowerShell\v1.0\;C:\WINDOWS\System32\OpenSSH\;F:\soft\Java\jdk1.8.0_202\bin;D:\soft\sqlite3;D:\soft\nodejs;D:\soft\Git\cmd;D:\soft\nodejs\node_global;D:\soft\nodejs\node_cache;C:\Program Files\MySQL\MySQL Shell 8.0\bin\;C:\Users\19399\AppData\Local\Microsoft\WindowsApps;D:\soft\bandizip\;D:\soft\Microsoft VS Code\bin;.]
2020-03-17 17:26:09.134 [main] INFO  org.apache.catalina.core.ContainerBase.[Tomcat].[localhost].[/] - Initializing Spring embedded WebApplicationContext
2020-03-17 17:26:09.344 [main] DEBUG com.zaxxer.hikari.HikariConfig - Driver class com.mysql.cj.jdbc.Driver found in Thread context class loader sun.misc.Launcher$AppClassLoader@18b4aac2
2020-03-17 17:26:09.475 [main] DEBUG org.apache.ibatis.io.VFS - Using VFS adapter org.mybatis.spring.boot.autoconfigure.SpringBootVFS
2020-03-17 17:26:09.477 [main] DEBUG org.mybatis.spring.SqlSessionFactoryBean - Scanned package: 'com.coolwe.domain' for aliases
2020-03-17 17:26:09.479 [main] DEBUG org.mybatis.spring.SqlSessionFactoryBean - Property 'mapperLocations' was not specified or no matching resources found
2020-03-17 17:26:10.023 [main] DEBUG org.mybatis.spring.boot.autoconfigure.MybatisAutoConfiguration - No org.mybatis.spring.mapper.MapperFactoryBean found.
2020-03-17 17:26:10.195 [main] INFO  org.apache.coyote.http11.Http11NioProtocol - Starting ProtocolHandler ["http-nio-8081"]
2020-03-17 17:26:10.256 [main] INFO  com.coolwe.start.StartApplication - Started StartApplication in 4.584 seconds (JVM running for 5.453)
2020-03-17 17:26:15.189 [http-nio-8081-exec-3] INFO  org.apache.catalina.core.ContainerBase.[Tomcat].[localhost].[/] - Initializing Spring DispatcherServlet 'dispatcherServlet'
2020-03-17 17:26:15.267 [http-nio-8081-exec-3] INFO  com.coolwe.start.controller.MainController - /showDatabases
2020-03-17 17:26:46.896 [http-nio-8081-exec-7] INFO  com.coolwe.start.controller.MainController - /showDatabases
2020-03-17 17:28:55.482 [http-nio-8081-exec-8] INFO  com.coolwe.start.controller.MainController - /showDatabases
2020-03-17 17:29:50.840 [http-nio-8081-exec-2] INFO  com.coolwe.start.controller.MainController - /showDatabases
2020-03-17 17:30:19.274 [http-nio-8081-exec-7] INFO  com.coolwe.start.controller.MainController - /showDatabases
2020-03-17 17:31:23.267 [http-nio-8081-exec-10] INFO  com.coolwe.start.controller.MainController - /showDatabases
2020-03-17 17:32:15.491 [http-nio-8081-exec-4] INFO  com.coolwe.start.controller.MainController - /showDatabases
2020-03-17 17:32:25.054 [http-nio-8081-exec-7] INFO  com.coolwe.start.controller.MainController - /showDatabases
2020-03-17 17:36:44.792 [http-nio-8081-exec-1] INFO  com.coolwe.start.controller.MainController - /showDatabases
2020-03-17 17:37:01.965 [http-nio-8081-exec-5] INFO  com.coolwe.start.controller.MainController - /showDatabases
2020-03-17 17:37:06.081 [http-nio-8081-exec-7] INFO  com.coolwe.start.controller.MainController - /showDatabases
2020-03-17 17:37:32.712 [http-nio-8081-exec-5] INFO  com.coolwe.start.controller.MainController - /showDatabases
2020-03-17 17:37:41.587 [http-nio-8081-exec-6] INFO  com.coolwe.start.controller.MainController - /showDatabases
2020-03-17 17:37:51.464 [http-nio-8081-exec-7] INFO  com.coolwe.start.controller.MainController - /showDatabases
2020-03-17 17:38:16.390 [http-nio-8081-exec-9] INFO  com.coolwe.start.controller.MainController - /showDatabases
2020-03-17 17:38:52.929 [http-nio-8081-exec-1] INFO  com.coolwe.start.controller.MainController - /showDatabases
2020-03-17 17:39:16.241 [http-nio-8081-exec-4] INFO  com.coolwe.start.controller.MainController - /showDatabases
2020-03-17 17:39:21.633 [http-nio-8081-exec-2] INFO  com.coolwe.start.controller.MainController - /showDatabases
2020-03-17 17:39:24.261 [http-nio-8081-exec-5] INFO  com.coolwe.start.controller.MainController - /showDatabases
2020-03-17 17:39:50.568 [http-nio-8081-exec-6] INFO  com.coolwe.start.controller.MainController - /showDatabases
2020-03-17 17:39:53.737 [http-nio-8081-exec-7] INFO  com.coolwe.start.controller.MainController - /showDatabases
2020-03-17 17:39:59.185 [http-nio-8081-exec-9] INFO  com.coolwe.start.controller.MainController - /showDatabases
2020-03-17 17:40:07.731 [http-nio-8081-exec-1] INFO  com.coolwe.start.controller.MainController - /showDatabases
2020-03-17 17:41:05.824 [http-nio-8081-exec-10] INFO  com.coolwe.start.controller.MainController - /showDatabases
2020-03-17 17:50:22.800 [main] INFO  com.coolwe.start.StartApplication - Starting StartApplication on DESKTOP-08VGM8P with PID 28964 (D:\struggle\start\target\classes started by 19399 in D:\struggle\start)
2020-03-17 17:50:22.800 [main] DEBUG com.coolwe.start.StartApplication - Running with Spring Boot v2.1.3.RELEASE, Spring v5.1.5.RELEASE
2020-03-17 17:50:22.805 [main] INFO  com.coolwe.start.StartApplication - No active profile set, falling back to default profiles: default
2020-03-17 17:50:23.631 [main] DEBUG org.mybatis.spring.boot.autoconfigure.MybatisAutoConfiguration - Searching for mappers annotated with @Mapper
2020-03-17 17:50:23.644 [main] DEBUG org.mybatis.spring.boot.autoconfigure.MybatisAutoConfiguration - Using auto-configuration base package 'com.coolwe.start'
2020-03-17 17:50:23.662 [main] DEBUG org.apache.ibatis.logging.LogFactory - Logging initialized using 'class org.apache.ibatis.logging.slf4j.Slf4jImpl' adapter.
2020-03-17 17:50:23.670 [main] DEBUG org.mybatis.spring.mapper.ClassPathMapperScanner - Identified candidate component class: file [D:\struggle\start\target\classes\com\coolwe\start\dao\MainDao.class]
2020-03-17 17:50:23.681 [main] DEBUG org.mybatis.spring.mapper.ClassPathMapperScanner - Creating MapperFactoryBean with name 'mainDao' and 'com.coolwe.start.dao.MainDao' mapperInterface
2020-03-17 17:50:23.684 [main] DEBUG org.mybatis.spring.mapper.ClassPathMapperScanner - Enabling autowire by type for MapperFactoryBean with name 'mainDao'.
2020-03-17 17:50:24.942 [main] INFO  org.apache.coyote.http11.Http11NioProtocol - Initializing ProtocolHandler ["http-nio-8081"]
2020-03-17 17:50:24.962 [main] INFO  org.apache.catalina.core.StandardService - Starting service [Tomcat]
2020-03-17 17:50:24.970 [main] INFO  org.apache.catalina.core.StandardEngine - Starting Servlet engine: [Apache Tomcat/9.0.16]
2020-03-17 17:50:24.985 [main] INFO  org.apache.catalina.core.AprLifecycleListener - The APR based Apache Tomcat Native library which allows optimal performance in production environments was not found on the java.library.path: [F:\soft\Java\jdk1.8.0_202\bin;C:\WINDOWS\Sun\Java\bin;C:\WINDOWS\system32;C:\WINDOWS;C:\WINDOWS\system32;C:\WINDOWS;C:\WINDOWS\System32\Wbem;C:\WINDOWS\System32\WindowsPowerShell\v1.0\;C:\WINDOWS\System32\OpenSSH\;F:\soft\Java\jdk1.8.0_202\bin;D:\soft\sqlite3;D:\soft\nodejs;D:\soft\Git\cmd;D:\soft\nodejs\node_global;D:\soft\nodejs\node_cache;C:\Program Files\MySQL\MySQL Shell 8.0\bin\;C:\Users\19399\AppData\Local\Microsoft\WindowsApps;D:\soft\bandizip\;D:\soft\Microsoft VS Code\bin;.]
2020-03-17 17:50:25.081 [main] INFO  org.apache.catalina.core.ContainerBase.[Tomcat].[localhost].[/] - Initializing Spring embedded WebApplicationContext
2020-03-17 17:50:25.198 [main] DEBUG com.zaxxer.hikari.HikariConfig - Driver class com.mysql.cj.jdbc.Driver found in Thread context class loader sun.misc.Launcher$AppClassLoader@18b4aac2
2020-03-17 17:50:25.294 [main] DEBUG org.apache.ibatis.io.VFS - Using VFS adapter org.mybatis.spring.boot.autoconfigure.SpringBootVFS
2020-03-17 17:50:25.295 [main] DEBUG org.mybatis.spring.SqlSessionFactoryBean - Scanned package: 'com.coolwe.domain' for aliases
2020-03-17 17:50:25.297 [main] DEBUG org.mybatis.spring.SqlSessionFactoryBean - Property 'mapperLocations' was not specified or no matching resources found
2020-03-17 17:50:25.687 [main] DEBUG org.mybatis.spring.boot.autoconfigure.MybatisAutoConfiguration - No org.mybatis.spring.mapper.MapperFactoryBean found.
2020-03-17 17:50:25.850 [main] INFO  org.apache.coyote.http11.Http11NioProtocol - Starting ProtocolHandler ["http-nio-8081"]
2020-03-17 17:50:25.909 [main] INFO  com.coolwe.start.StartApplication - Started StartApplication in 3.474 seconds (JVM running for 4.18)
2020-03-17 17:51:02.953 [http-nio-8081-exec-1] INFO  org.apache.catalina.core.ContainerBase.[Tomcat].[localhost].[/] - Initializing Spring DispatcherServlet 'dispatcherServlet'
2020-03-17 17:51:03.026 [http-nio-8081-exec-1] INFO  com.coolwe.start.controller.MainController - /showDatabases
2020-03-17 17:52:27.806 [http-nio-8081-exec-1] INFO  com.coolwe.start.controller.MainController - /showDatabases
2020-03-17 17:52:44.344 [http-nio-8081-exec-2] INFO  com.coolwe.start.util.JDBCUtil - null
2020-03-17 17:54:21.203 [http-nio-8081-exec-4] INFO  com.coolwe.start.controller.MainController - /showDatabases
2020-03-17 17:59:05.127 [http-nio-8081-exec-6] INFO  com.coolwe.start.controller.MainController - /showDatabases
2020-03-17 17:59:20.981 [http-nio-8081-exec-7] INFO  com.coolwe.start.controller.MainController - /showDatabases
2020-03-17 18:01:22.526 [http-nio-8081-exec-9] INFO  com.coolwe.start.controller.MainController - /showDatabases
2020-03-17 18:02:10.580 [http-nio-8081-exec-10] INFO  com.coolwe.start.controller.MainController - /showDatabases
2020-03-17 18:02:14.686 [http-nio-8081-exec-1] INFO  com.coolwe.start.controller.MainController - /showDatabases
2020-03-17 18:02:30.578 [http-nio-8081-exec-2] INFO  com.coolwe.start.controller.MainController - /showDatabases
2020-03-17 18:03:07.474 [http-nio-8081-exec-3] INFO  com.coolwe.start.controller.MainController - /showDatabases
2020-03-17 18:05:09.137 [http-nio-8081-exec-5] INFO  com.coolwe.start.controller.MainController - /showDatabases
2020-03-17 18:05:19.099 [http-nio-8081-exec-5] INFO  com.coolwe.start.util.JDBCUtil - null
2020-03-17 18:06:51.103 [http-nio-8081-exec-7] INFO  com.coolwe.start.controller.MainController - /showDatabases
2020-03-17 18:08:01.618 [http-nio-8081-exec-9] INFO  com.coolwe.start.controller.MainController - /showDatabases
2020-03-17 18:09:57.184 [http-nio-8081-exec-1] INFO  com.coolwe.start.controller.MainController - /showDatabases
2020-03-17 18:10:21.444 [http-nio-8081-exec-2] INFO  com.coolwe.start.controller.MainController - /showDatabases
2020-03-17 18:11:29.572 [http-nio-8081-exec-4] INFO  com.coolwe.start.controller.MainController - /showDatabases
2020-03-17 18:14:32.600 [http-nio-8081-exec-6] INFO  com.coolwe.start.controller.MainController - /showDatabases
2020-03-17 18:15:53.063 [http-nio-8081-exec-8] INFO  com.coolwe.start.controller.MainController - /showDatabases
2020-03-17 18:21:13.698 [http-nio-8081-exec-10] INFO  com.coolwe.start.controller.MainController - /showDatabases
2020-03-17 18:27:18.516 [http-nio-8081-exec-2] INFO  com.coolwe.start.controller.MainController - /showDatabases
2020-03-17 18:27:55.110 [http-nio-8081-exec-3] INFO  com.coolwe.start.controller.MainController - /showDatabases
2020-03-17 18:28:42.306 [http-nio-8081-exec-4] INFO  com.coolwe.start.controller.MainController - /showDatabases
2020-03-17 18:49:42.954 [main] INFO  com.coolwe.start.StartApplication - Starting StartApplication on DESKTOP-08VGM8P with PID 31732 (D:\struggle\start\target\classes started by 19399 in D:\struggle\start)
2020-03-17 18:49:42.956 [main] DEBUG com.coolwe.start.StartApplication - Running with Spring Boot v2.1.3.RELEASE, Spring v5.1.5.RELEASE
2020-03-17 18:49:42.957 [main] INFO  com.coolwe.start.StartApplication - No active profile set, falling back to default profiles: default
2020-03-17 18:49:43.930 [main] DEBUG org.mybatis.spring.boot.autoconfigure.MybatisAutoConfiguration - Searching for mappers annotated with @Mapper
2020-03-17 18:49:43.931 [main] DEBUG org.mybatis.spring.boot.autoconfigure.MybatisAutoConfiguration - Using auto-configuration base package 'com.coolwe.start'
2020-03-17 18:49:43.945 [main] DEBUG org.apache.ibatis.logging.LogFactory - Logging initialized using 'class org.apache.ibatis.logging.slf4j.Slf4jImpl' adapter.
2020-03-17 18:49:43.962 [main] DEBUG org.mybatis.spring.mapper.ClassPathMapperScanner - Identified candidate component class: file [D:\struggle\start\target\classes\com\coolwe\start\dao\MainDao.class]
2020-03-17 18:49:43.964 [main] DEBUG org.mybatis.spring.mapper.ClassPathMapperScanner - Creating MapperFactoryBean with name 'mainDao' and 'com.coolwe.start.dao.MainDao' mapperInterface
2020-03-17 18:49:43.993 [main] DEBUG org.mybatis.spring.mapper.ClassPathMapperScanner - Enabling autowire by type for MapperFactoryBean with name 'mainDao'.
2020-03-17 18:49:45.310 [main] INFO  org.apache.coyote.http11.Http11NioProtocol - Initializing ProtocolHandler ["http-nio-8081"]
2020-03-17 18:49:45.324 [main] INFO  org.apache.catalina.core.StandardService - Starting service [Tomcat]
2020-03-17 18:49:45.333 [main] INFO  org.apache.catalina.core.StandardEngine - Starting Servlet engine: [Apache Tomcat/9.0.16]
2020-03-17 18:49:45.360 [main] INFO  org.apache.catalina.core.AprLifecycleListener - The APR based Apache Tomcat Native library which allows optimal performance in production environments was not found on the java.library.path: [F:\soft\Java\jdk1.8.0_202\bin;C:\WINDOWS\Sun\Java\bin;C:\WINDOWS\system32;C:\WINDOWS;C:\WINDOWS\system32;C:\WINDOWS;C:\WINDOWS\System32\Wbem;C:\WINDOWS\System32\WindowsPowerShell\v1.0\;C:\WINDOWS\System32\OpenSSH\;F:\soft\Java\jdk1.8.0_202\bin;D:\soft\sqlite3;D:\soft\nodejs;D:\soft\Git\cmd;D:\soft\nodejs\node_global;D:\soft\nodejs\node_cache;C:\Program Files\MySQL\MySQL Shell 8.0\bin\;C:\Users\19399\AppData\Local\Microsoft\WindowsApps;D:\soft\bandizip\;D:\soft\Microsoft VS Code\bin;.]
2020-03-17 18:49:45.450 [main] INFO  org.apache.catalina.core.ContainerBase.[Tomcat].[localhost].[/] - Initializing Spring embedded WebApplicationContext
2020-03-17 18:49:45.587 [main] DEBUG com.zaxxer.hikari.HikariConfig - Driver class com.mysql.cj.jdbc.Driver found in Thread context class loader sun.misc.Launcher$AppClassLoader@18b4aac2
2020-03-17 18:49:45.681 [main] DEBUG org.apache.ibatis.io.VFS - Using VFS adapter org.mybatis.spring.boot.autoconfigure.SpringBootVFS
2020-03-17 18:49:45.684 [main] DEBUG org.mybatis.spring.SqlSessionFactoryBean - Scanned package: 'com.coolwe.domain' for aliases
2020-03-17 18:49:45.688 [main] DEBUG org.mybatis.spring.SqlSessionFactoryBean - Property 'mapperLocations' was not specified or no matching resources found
2020-03-17 18:49:46.148 [main] DEBUG org.mybatis.spring.boot.autoconfigure.MybatisAutoConfiguration - No org.mybatis.spring.mapper.MapperFactoryBean found.
2020-03-17 18:49:46.310 [main] INFO  org.apache.coyote.http11.Http11NioProtocol - Starting ProtocolHandler ["http-nio-8081"]
2020-03-17 18:49:46.365 [main] INFO  com.coolwe.start.StartApplication - Started StartApplication in 3.764 seconds (JVM running for 4.608)
2020-03-17 18:50:18.576 [http-nio-8081-exec-1] INFO  org.apache.catalina.core.ContainerBase.[Tomcat].[localhost].[/] - Initializing Spring DispatcherServlet 'dispatcherServlet'
2020-03-17 18:50:18.710 [http-nio-8081-exec-1] INFO  com.coolwe.start.controller.MainController - /showDatabases
2020-03-17 18:52:43.456 [http-nio-8081-exec-3] INFO  com.coolwe.start.controller.MainController - /showDatabases
2020-03-17 18:56:28.855 [http-nio-8081-exec-5] INFO  com.coolwe.start.controller.MainController - /showDatabases
2020-03-17 18:57:46.120 [http-nio-8081-exec-7] INFO  com.coolwe.start.controller.MainController - /showDatabases
2020-03-17 18:58:07.812 [http-nio-8081-exec-8] INFO  com.coolwe.start.controller.MainController - /showDatabases
2020-03-17 19:01:35.711 [http-nio-8081-exec-10] INFO  com.coolwe.start.controller.MainController - /showDatabases
2020-03-17 19:02:31.288 [http-nio-8081-exec-1] INFO  com.coolwe.start.controller.MainController - /showDatabases
2020-03-17 19:02:55.852 [http-nio-8081-exec-2] INFO  com.coolwe.start.controller.MainController - /showDatabases
2020-03-17 19:03:18.990 [http-nio-8081-exec-3] INFO  com.coolwe.start.controller.MainController - /showDatabases
2020-03-17 19:06:39.733 [http-nio-8081-exec-8] INFO  com.coolwe.start.controller.MainController - /showDatabases
2020-03-17 19:21:37.985 [http-nio-8081-exec-10] INFO  com.coolwe.start.controller.MainController - /showDatabases
2020-03-17 19:23:10.001 [http-nio-8081-exec-2] INFO  com.coolwe.start.controller.MainController - /showDatabases
2020-03-17 19:23:37.326 [http-nio-8081-exec-3] INFO  com.coolwe.start.controller.MainController - /showDatabases
2020-03-17 19:24:05.323 [http-nio-8081-exec-5] INFO  com.coolwe.start.controller.MainController - /showDatabases
