2020-03-12 21:33:11.047 [main] INFO  com.coolwe.start.StartApplication - Starting StartApplication on DESKTOP-08VGM8P with PID 18740 (D:\struggle\start\target\classes started by 19399 in D:\struggle\start)
2020-03-12 21:33:11.055 [main] DEBUG com.coolwe.start.StartApplication - Running with Spring Boot v2.1.3.RELEASE, Spring v5.1.5.RELEASE
2020-03-12 21:33:11.056 [main] INFO  com.coolwe.start.StartApplication - No active profile set, falling back to default profiles: default
2020-03-12 21:33:12.128 [main] DEBUG org.mybatis.spring.boot.autoconfigure.MybatisAutoConfiguration - Searching for mappers annotated with @Mapper
2020-03-12 21:33:12.130 [main] DEBUG org.mybatis.spring.boot.autoconfigure.MybatisAutoConfiguration - Using auto-configuration base package 'com.coolwe.start'
2020-03-12 21:33:12.150 [main] DEBUG org.apache.ibatis.logging.LogFactory - Logging initialized using 'class org.apache.ibatis.logging.slf4j.Slf4jImpl' adapter.
2020-03-12 21:33:12.155 [main] DEBUG org.mybatis.spring.mapper.ClassPathMapperScanner - Identified candidate component class: file [D:\struggle\start\target\classes\com\coolwe\start\dao\MainDao.class]
2020-03-12 21:33:12.181 [main] DEBUG org.mybatis.spring.mapper.ClassPathMapperScanner - Creating MapperFactoryBean with name 'mainDao' and 'com.coolwe.start.dao.MainDao' mapperInterface
2020-03-12 21:33:12.197 [main] DEBUG org.mybatis.spring.mapper.ClassPathMapperScanner - Enabling autowire by type for MapperFactoryBean with name 'mainDao'.
2020-03-12 21:33:13.321 [main] INFO  org.apache.coyote.http11.Http11NioProtocol - Initializing ProtocolHandler ["http-nio-8081"]
2020-03-12 21:33:13.334 [main] INFO  org.apache.catalina.core.StandardService - Starting service [Tomcat]
2020-03-12 21:33:13.338 [main] INFO  org.apache.catalina.core.StandardEngine - Starting Servlet engine: [Apache Tomcat/9.0.16]
2020-03-12 21:33:13.355 [main] INFO  org.apache.catalina.core.AprLifecycleListener - The APR based Apache Tomcat Native library which allows optimal performance in production environments was not found on the java.library.path: [F:\soft\Java\jdk1.8.0_202\bin;C:\WINDOWS\Sun\Java\bin;C:\WINDOWS\system32;C:\WINDOWS;C:\WINDOWS\system32;C:\WINDOWS;C:\WINDOWS\System32\Wbem;C:\WINDOWS\System32\WindowsPowerShell\v1.0\;C:\WINDOWS\System32\OpenSSH\;F:\soft\Java\jdk1.8.0_202\bin;D:\soft\sqlite3;D:\soft\nodejs;D:\soft\Git\cmd;D:\soft\nodejs\node_global;D:\soft\nodejs\node_cache;C:\Program Files\MySQL\MySQL Shell 8.0\bin\;C:\Users\19399\AppData\Local\Microsoft\WindowsApps;D:\soft\bandizip\;D:\soft\Microsoft VS Code\bin;.]
2020-03-12 21:33:13.504 [main] INFO  org.apache.catalina.core.ContainerBase.[Tomcat].[localhost].[/] - Initializing Spring embedded WebApplicationContext
2020-03-12 21:33:13.621 [main] DEBUG com.zaxxer.hikari.HikariConfig - Driver class com.mysql.cj.jdbc.Driver found in Thread context class loader sun.misc.Launcher$AppClassLoader@6d06d69c
2020-03-12 21:33:13.708 [main] DEBUG org.apache.ibatis.io.VFS - Using VFS adapter org.mybatis.spring.boot.autoconfigure.SpringBootVFS
2020-03-12 21:33:13.711 [main] DEBUG org.mybatis.spring.SqlSessionFactoryBean - Scanned package: 'com.coolwe.domain' for aliases
2020-03-12 21:33:13.713 [main] DEBUG org.mybatis.spring.SqlSessionFactoryBean - Property 'mapperLocations' was not specified or no matching resources found
2020-03-12 21:33:14.085 [main] DEBUG org.mybatis.spring.boot.autoconfigure.MybatisAutoConfiguration - No org.mybatis.spring.mapper.MapperFactoryBean found.
2020-03-12 21:33:14.235 [main] INFO  org.apache.coyote.http11.Http11NioProtocol - Starting ProtocolHandler ["http-nio-8081"]
2020-03-12 21:33:14.272 [main] INFO  com.coolwe.start.StartApplication - Started StartApplication in 3.568 seconds (JVM running for 4.44)
2020-03-12 21:33:32.008 [http-nio-8081-exec-1] INFO  org.apache.catalina.core.ContainerBase.[Tomcat].[localhost].[/] - Initializing Spring DispatcherServlet 'dispatcherServlet'
2020-03-12 21:33:57.800 [http-nio-8081-exec-4] INFO  com.coolwe.start.controller.MainController - /hello
2020-03-12 23:42:35.777 [main] INFO  com.coolwe.start.StartApplication - Starting StartApplication on DESKTOP-08VGM8P with PID 8120 (D:\struggle\start\target\classes started by 19399 in D:\struggle\start)
2020-03-12 23:42:35.785 [main] DEBUG com.coolwe.start.StartApplication - Running with Spring Boot v2.1.3.RELEASE, Spring v5.1.5.RELEASE
2020-03-12 23:42:35.789 [main] INFO  com.coolwe.start.StartApplication - No active profile set, falling back to default profiles: default
2020-03-12 23:42:36.650 [main] DEBUG org.mybatis.spring.boot.autoconfigure.MybatisAutoConfiguration - Searching for mappers annotated with @Mapper
2020-03-12 23:42:36.651 [main] DEBUG org.mybatis.spring.boot.autoconfigure.MybatisAutoConfiguration - Using auto-configuration base package 'com.coolwe.start'
2020-03-12 23:42:36.668 [main] DEBUG org.apache.ibatis.logging.LogFactory - Logging initialized using 'class org.apache.ibatis.logging.slf4j.Slf4jImpl' adapter.
2020-03-12 23:42:36.680 [main] DEBUG org.mybatis.spring.mapper.ClassPathMapperScanner - Identified candidate component class: file [D:\struggle\start\target\classes\com\coolwe\start\dao\MainDao.class]
2020-03-12 23:42:36.681 [main] DEBUG org.mybatis.spring.mapper.ClassPathMapperScanner - Creating MapperFactoryBean with name 'mainDao' and 'com.coolwe.start.dao.MainDao' mapperInterface
2020-03-12 23:42:36.694 [main] DEBUG org.mybatis.spring.mapper.ClassPathMapperScanner - Enabling autowire by type for MapperFactoryBean with name 'mainDao'.
2020-03-12 23:42:37.981 [main] INFO  org.apache.coyote.http11.Http11NioProtocol - Initializing ProtocolHandler ["http-nio-8081"]
2020-03-12 23:42:37.999 [main] INFO  org.apache.catalina.core.StandardService - Starting service [Tomcat]
2020-03-12 23:42:38.010 [main] INFO  org.apache.catalina.core.StandardEngine - Starting Servlet engine: [Apache Tomcat/9.0.16]
2020-03-12 23:42:38.028 [main] INFO  org.apache.catalina.core.AprLifecycleListener - The APR based Apache Tomcat Native library which allows optimal performance in production environments was not found on the java.library.path: [F:\soft\Java\jdk1.8.0_202\bin;C:\WINDOWS\Sun\Java\bin;C:\WINDOWS\system32;C:\WINDOWS;C:\WINDOWS\system32;C:\WINDOWS;C:\WINDOWS\System32\Wbem;C:\WINDOWS\System32\WindowsPowerShell\v1.0\;C:\WINDOWS\System32\OpenSSH\;F:\soft\Java\jdk1.8.0_202\bin;D:\soft\sqlite3;D:\soft\nodejs;D:\soft\Git\cmd;D:\soft\nodejs\node_global;D:\soft\nodejs\node_cache;C:\Program Files\MySQL\MySQL Shell 8.0\bin\;C:\Users\19399\AppData\Local\Microsoft\WindowsApps;D:\soft\bandizip\;D:\soft\Microsoft VS Code\bin;.]
2020-03-12 23:42:38.179 [main] INFO  org.apache.catalina.core.ContainerBase.[Tomcat].[localhost].[/] - Initializing Spring embedded WebApplicationContext
2020-03-12 23:42:38.362 [main] DEBUG com.zaxxer.hikari.HikariConfig - Driver class com.mysql.cj.jdbc.Driver found in Thread context class loader sun.misc.Launcher$AppClassLoader@18b4aac2
2020-03-12 23:42:38.500 [main] DEBUG org.apache.ibatis.io.VFS - Using VFS adapter org.mybatis.spring.boot.autoconfigure.SpringBootVFS
2020-03-12 23:42:38.509 [main] DEBUG org.mybatis.spring.SqlSessionFactoryBean - Scanned package: 'com.coolwe.domain' for aliases
2020-03-12 23:42:38.513 [main] DEBUG org.mybatis.spring.SqlSessionFactoryBean - Property 'mapperLocations' was not specified or no matching resources found
2020-03-12 23:42:39.358 [main] DEBUG org.mybatis.spring.boot.autoconfigure.MybatisAutoConfiguration - No org.mybatis.spring.mapper.MapperFactoryBean found.
2020-03-12 23:42:39.567 [main] INFO  org.apache.coyote.http11.Http11NioProtocol - Starting ProtocolHandler ["http-nio-8081"]
2020-03-12 23:42:39.643 [main] INFO  com.coolwe.start.StartApplication - Started StartApplication in 4.269 seconds (JVM running for 5.136)
2020-03-12 23:53:22.985 [http-nio-8081-exec-1] INFO  org.apache.catalina.core.ContainerBase.[Tomcat].[localhost].[/] - Initializing Spring DispatcherServlet 'dispatcherServlet'
2020-03-12 23:53:23.063 [http-nio-8081-exec-1] INFO  com.coolwe.start.controller.MainController - /showDatabases
2020-03-12 23:53:39.628 [http-nio-8081-exec-2] INFO  com.coolwe.start.controller.MainController - /showDatabases
